#
# There is insufficient memory for the Java Runtime Environment to continue.
# Native memory allocation (malloc) failed to allocate 1405024 bytes for Chunk::new
# Possible reasons:
#   The system is out of physical RAM or swap space
#   The process is running with CompressedOops enabled, and the Java Heap may be blocking the growth of the native heap
# Possible solutions:
#   Reduce memory load on the system
#   Increase physical memory or swap space
#   Check if swap backing store is full
#   Decrease Java heap size (-Xmx/-Xms)
#   Decrease number of Java threads
#   Decrease Java thread stack sizes (-Xss)
#   Set larger code cache with -XX:ReservedCodeCacheSize=
#   JVM is running with Zero Based Compressed Oops mode in which the Java heap is
#     placed in the first 32GB address space. The Java Heap base address is the
#     maximum limit for the native heap growth. Please use -XX:HeapBaseMinAddress
#     to set the Java Heap base and to place the Java Heap above 32GB virtual address.
# This output file may be truncated or incomplete.
#
#  Out of Memory Error (arena.cpp:189), pid=17132, tid=14640
#
# JRE version: OpenJDK Runtime Environment Temurin-17.0.8.1+1 (17.0.8.1+1) (build 17.0.8.1+1)
# Java VM: OpenJDK 64-Bit Server VM Temurin-17.0.8.1+1 (17.0.8.1+1, mixed mode, sharing, tiered, compressed oops, compressed class ptrs, g1 gc, windows-amd64)
# No core dump will be written. Minidumps are not enabled by default on client versions of Windows
#

---------------  S U M M A R Y ------------

Command Line: --add-opens=java.base/java.util=ALL-UNNAMED --add-opens=java.base/java.lang=ALL-UNNAMED --add-opens=java.base/java.lang.invoke=ALL-UNNAMED --add-opens=java.base/java.util=ALL-UNNAMED --add-opens=java.prefs/java.util.prefs=ALL-UNNAMED --add-opens=java.prefs/java.util.prefs=ALL-UNNAMED --add-opens=java.base/java.nio.charset=ALL-UNNAMED --add-opens=java.base/java.net=ALL-UNNAMED --add-opens=java.base/java.util.concurrent.atomic=ALL-UNNAMED -Xmx4G -Dfile.encoding=utf8 -Duser.country=US -Duser.language=en -Duser.variant org.gradle.launcher.daemon.bootstrap.GradleDaemon 7.5

Host: AMD Ryzen 5 5500U with Radeon Graphics         , 12 cores, 5G,  Windows 11 , 64 bit Build 22621 (10.0.22621.3085)
Time: Sat Feb 10 13:52:01 2024 India Standard Time elapsed time: 89.700736 seconds (0d 0h 1m 29s)

---------------  T H R E A D  ---------------

Current thread (0x000002839191dd40):  JavaThread "C2 CompilerThread0" daemon [_thread_in_native, id=14640, stack(0x0000009791b00000,0x0000009791c00000)]


Current CompileTask:
C2:  89700 17399       4       javax.management.ObjectName::construct (1135 bytes)

Stack: [0x0000009791b00000,0x0000009791c00000]
Native frames: (J=compiled Java code, j=interpreted, Vv=VM code, C=native code)
V  [jvm.dll+0x678b0a]
V  [jvm.dll+0x835e84]
V  [jvm.dll+0x83762e]
V  [jvm.dll+0x837c93]
V  [jvm.dll+0x24746f]
V  [jvm.dll+0xac20c]
V  [jvm.dll+0xac7dc]
V  [jvm.dll+0x365ca7]
V  [jvm.dll+0x1bd1f8]
V  [jvm.dll+0x219d49]
V  [jvm.dll+0x219011]
V  [jvm.dll+0x1a534d]
V  [jvm.dll+0x228d8a]
V  [jvm.dll+0x226dcc]
V  [jvm.dll+0x7ec09b]
V  [jvm.dll+0x7e64ca]
V  [jvm.dll+0x677955]
C  [ucrtbase.dll+0x29363]
C  [KERNEL32.DLL+0x1257d]
C  [ntdll.dll+0x5aa58]


---------------  P R O C E S S  ---------------

Threads class SMR info:
_java_thread_list=0x00000283e95fd1d0, length=84, elements={
0x00000283ee41d1c0, 0x0000028391900c30, 0x00000283919017f0, 0x0000028391916400,
0x0000028391916ed0, 0x000002839191adc0, 0x000002839191cfa0, 0x000002839191dd40,
0x0000028391929d00, 0x000002839192d240, 0x0000028391c03e80, 0x0000028391c04770,
0x00000283d853d4e0, 0x00000283d9045c90, 0x00000283d90ef560, 0x00000283d8c1ad70,
0x00000283d8100770, 0x00000283d80fdef0, 0x00000283d80fe910, 0x00000283d80fe400,
0x00000283d80fee20, 0x00000283d80ff330, 0x00000283d80ffd50, 0x00000283d9353fd0,
0x00000283d934f3e0, 0x00000283d934da90, 0x00000283d9350d30, 0x00000283d934f8f0,
0x00000283d93544e0, 0x00000283d934eed0, 0x00000283d9355410, 0x00000283d9354f00,
0x00000283d9351240, 0x00000283d9350820, 0x00000283d934e9c0, 0x00000283d934fe00,
0x00000283d93530a0, 0x00000283d9352680, 0x00000283dc39ffc0, 0x00000283d82c7a40,
0x00000283d82ccb40, 0x00000283d82cb1f0, 0x00000283d82cbc10, 0x00000283dc5d92f0,
0x00000283dc5dc590, 0x00000283dc5d9d10, 0x00000283dc5d7eb0, 0x00000283dc5de900,
0x00000283dc5da220, 0x00000283dc5d83c0, 0x00000283dc5ddee0, 0x00000283dc5d9800,
0x00000283dc5d79a0, 0x00000283dc5da730, 0x00000283dc5d88d0, 0x00000283dc5dc080,
0x00000283dc5d8de0, 0x00000283dc5db660, 0x00000283dc5dbb70, 0x00000283dc5dcfb0,
0x00000283dc5dd4c0, 0x00000283d82c6b10, 0x00000283d82c7f50, 0x00000283d82cd050,
0x00000283d82c9390, 0x00000283d82c8460, 0x00000283d82c8970, 0x00000283d82cd560,
0x00000283d82c6600, 0x00000283d82cda70, 0x00000283d82cdf80, 0x00000283d82c98a0,
0x00000283dc399060, 0x00000283dc399a80, 0x00000283dc39a4a0, 0x00000283dc3a09e0,
0x00000283dc39b3d0, 0x00000283dc39b8e0, 0x00000283dc39e160, 0x00000283dc39bdf0,
0x00000283dc39c300, 0x00000283d9351750, 0x00000283d934dfa0, 0x00000283d9350310
}

Java Threads: ( => current thread )
  0x00000283ee41d1c0 JavaThread "main" [_thread_blocked, id=24648, stack(0x0000009790e00000,0x0000009790f00000)]
  0x0000028391900c30 JavaThread "Reference Handler" daemon [_thread_blocked, id=11088, stack(0x0000009791500000,0x0000009791600000)]
  0x00000283919017f0 JavaThread "Finalizer" daemon [_thread_blocked, id=10524, stack(0x0000009791600000,0x0000009791700000)]
  0x0000028391916400 JavaThread "Signal Dispatcher" daemon [_thread_blocked, id=20584, stack(0x0000009791700000,0x0000009791800000)]
  0x0000028391916ed0 JavaThread "Attach Listener" daemon [_thread_blocked, id=13236, stack(0x0000009791800000,0x0000009791900000)]
  0x000002839191adc0 JavaThread "Service Thread" daemon [_thread_blocked, id=24784, stack(0x0000009791900000,0x0000009791a00000)]
  0x000002839191cfa0 JavaThread "Monitor Deflation Thread" daemon [_thread_blocked, id=25192, stack(0x0000009791a00000,0x0000009791b00000)]
=>0x000002839191dd40 JavaThread "C2 CompilerThread0" daemon [_thread_in_native, id=14640, stack(0x0000009791b00000,0x0000009791c00000)]
  0x0000028391929d00 JavaThread "C1 CompilerThread0" daemon [_thread_blocked, id=8260, stack(0x0000009791c00000,0x0000009791d00000)]
  0x000002839192d240 JavaThread "Sweeper thread" daemon [_thread_blocked, id=19584, stack(0x0000009791d00000,0x0000009791e00000)]
  0x0000028391c03e80 JavaThread "Common-Cleaner" daemon [_thread_blocked, id=16556, stack(0x0000009791e00000,0x0000009791f00000)]
  0x0000028391c04770 JavaThread "Notification Thread" daemon [_thread_blocked, id=21484, stack(0x0000009791f00000,0x0000009792000000)]
  0x00000283d853d4e0 JavaThread "Daemon health stats" [_thread_blocked, id=12936, stack(0x0000009792600000,0x0000009792700000)]
  0x00000283d9045c90 JavaThread "Incoming local TCP Connector on port 59597" [_thread_in_native, id=22600, stack(0x0000009792700000,0x0000009792800000)]
  0x00000283d90ef560 JavaThread "Daemon periodic checks" [_thread_blocked, id=10108, stack(0x0000009792800000,0x0000009792900000)]
  0x00000283d8c1ad70 JavaThread "Daemon" [_thread_blocked, id=8760, stack(0x0000009792900000,0x0000009792a00000)]
  0x00000283d8100770 JavaThread "Daemon worker" [_thread_blocked, id=20792, stack(0x0000009792c00000,0x0000009792d00000)]
  0x00000283d80fdef0 JavaThread "Cache worker for journal cache (C:\Users\kumar\.gradle\caches\journal-1)" [_thread_blocked, id=25048, stack(0x0000009793000000,0x0000009793100000)]
  0x00000283d80fe910 JavaThread "File lock request listener" [_thread_in_native, id=1064, stack(0x0000009793100000,0x0000009793200000)]
  0x00000283d80fe400 JavaThread "Cache worker for file hash cache (C:\Users\kumar\.gradle\caches\7.5\fileHashes)" [_thread_blocked, id=20364, stack(0x0000009793600000,0x0000009793700000)]
  0x00000283d80fee20 JavaThread "File watcher server" daemon [_thread_in_native, id=15460, stack(0x0000009793800000,0x0000009793900000)]
  0x00000283d80ff330 JavaThread "File watcher consumer" daemon [_thread_blocked, id=8820, stack(0x0000009793900000,0x0000009793a00000)]
  0x00000283d80ffd50 JavaThread "jar transforms" [_thread_blocked, id=18652, stack(0x0000009793b00000,0x0000009793c00000)]
  0x00000283d9353fd0 JavaThread "jar transforms Thread 2" [_thread_blocked, id=25512, stack(0x0000009793c00000,0x0000009793d00000)]
  0x00000283d934f3e0 JavaThread "jar transforms Thread 3" [_thread_blocked, id=18944, stack(0x0000009793d00000,0x0000009793e00000)]
  0x00000283d934da90 JavaThread "Cache worker for file content cache (C:\Users\kumar\.gradle\caches\7.5\fileContent)" [_thread_blocked, id=25156, stack(0x0000009794200000,0x0000009794300000)]
  0x00000283d9350d30 JavaThread "Cache worker for execution history cache (C:\Users\kumar\.gradle\caches\7.5\executionHistory)" [_thread_blocked, id=24680, stack(0x0000009794400000,0x0000009794500000)]
  0x00000283d934f8f0 JavaThread "jar transforms Thread 4" [_thread_blocked, id=23808, stack(0x0000009794600000,0x0000009794700000)]
  0x00000283d93544e0 JavaThread "jar transforms Thread 5" [_thread_blocked, id=21364, stack(0x0000009794700000,0x0000009794800000)]
  0x00000283d934eed0 JavaThread "jar transforms Thread 6" [_thread_blocked, id=24500, stack(0x0000009794800000,0x0000009794900000)]
  0x00000283d9355410 JavaThread "jar transforms Thread 7" [_thread_blocked, id=20852, stack(0x0000009794900000,0x0000009794a00000)]
  0x00000283d9354f00 JavaThread "jar transforms Thread 8" [_thread_blocked, id=6300, stack(0x0000009794a00000,0x0000009794b00000)]
  0x00000283d9351240 JavaThread "jar transforms Thread 9" [_thread_blocked, id=24792, stack(0x0000009794b00000,0x0000009794c00000)]
  0x00000283d9350820 JavaThread "jar transforms Thread 10" [_thread_blocked, id=12892, stack(0x0000009794c00000,0x0000009794d00000)]
  0x00000283d934e9c0 JavaThread "Cache worker for kotlin-dsl (C:\Users\kumar\.gradle\caches\7.5\kotlin-dsl)" [_thread_blocked, id=9852, stack(0x0000009794e00000,0x0000009794f00000)]
  0x00000283d934fe00 JavaThread "jar transforms Thread 11" [_thread_blocked, id=24816, stack(0x0000009794f00000,0x0000009795000000)]
  0x00000283d93530a0 JavaThread "jar transforms Thread 12" [_thread_blocked, id=7448, stack(0x0000009795200000,0x0000009795300000)]
  0x00000283d9352680 JavaThread "Memory manager" [_thread_blocked, id=20420, stack(0x0000009795300000,0x0000009795400000)]
  0x00000283dc39ffc0 JavaThread "included builds" [_thread_blocked, id=1252, stack(0x0000009795c00000,0x0000009795d00000)]
  0x00000283d82c7a40 JavaThread "Exec process" [_thread_in_native, id=15864, stack(0x0000009790d00000,0x0000009790e00000)]
  0x00000283d82ccb40 JavaThread "Exec process Thread 2" [_thread_in_native, id=19800, stack(0x0000009792e00000,0x0000009792f00000)]
  0x00000283d82cb1f0 JavaThread "Exec process Thread 3" [_thread_blocked, id=2700, stack(0x000000979e000000,0x000000979e100000)]
  0x00000283d82cbc10 JavaThread "File lock release action executor" [_thread_blocked, id=3456, stack(0x0000009790c00000,0x0000009790d00000)]
  0x00000283dc5d92f0 JavaThread "Handler for socket connection from /127.0.0.1:59597 to /127.0.0.1:59964" [_thread_in_native, id=26144, stack(0x0000009792a00000,0x0000009792b00000)]
  0x00000283dc5dc590 JavaThread "Cancel handler" [_thread_blocked, id=26148, stack(0x0000009790b00000,0x0000009790c00000)]
  0x00000283dc5d9d10 JavaThread "Asynchronous log dispatcher for DefaultDaemonConnection: socket connection from /127.0.0.1:59597 to /127.0.0.1:59964" [_thread_blocked, id=26160, stack(0x0000009792b00000,0x0000009792c00000)]
  0x00000283dc5d7eb0 JavaThread "Stdin handler" [_thread_blocked, id=26164, stack(0x0000009792d00000,0x0000009792e00000)]
  0x00000283dc5de900 JavaThread "Daemon client event forwarder" [_thread_blocked, id=26168, stack(0x0000009792f00000,0x0000009793000000)]
  0x00000283dc5da220 JavaThread "Cache worker for checksums cache (C:\Users\kumar\OneDrive\Desktop\app\app\android\.gradle\7.5\checksums)" [_thread_blocked, id=26176, stack(0x0000009793700000,0x0000009793800000)]
  0x00000283dc5d83c0 JavaThread "Cache worker for cache directory md-rule (C:\Users\kumar\.gradle\caches\7.5\md-rule)" [_thread_blocked, id=26192, stack(0x0000009793f00000,0x0000009794000000)]
  0x00000283dc5ddee0 JavaThread "Cache worker for file hash cache (C:\Users\kumar\OneDrive\Desktop\app\app\android\.gradle\7.5\fileHashes)" [_thread_blocked, id=26200, stack(0x0000009794000000,0x0000009794100000)]
  0x00000283dc5d9800 JavaThread "Cache worker for cache directory md-supplier (C:\Users\kumar\.gradle\caches\7.5\md-supplier)" [_thread_blocked, id=26204, stack(0x0000009794100000,0x0000009794200000)]
  0x00000283dc5d79a0 JavaThread "Cache worker for dependencies-accessors (C:\Users\kumar\OneDrive\Desktop\app\app\android\.gradle\7.5\dependencies-accessors)" [_thread_blocked, id=26388, stack(0x0000009794500000,0x0000009794600000)]
  0x00000283dc5da730 JavaThread "Cache worker for Build Output Cleanup Cache (C:\src\flutter\packages\flutter_tools\gradle\.gradle\buildOutputCleanup)" [_thread_blocked, id=26480, stack(0x0000009795000000,0x0000009795100000)]
  0x00000283dc5d88d0 JavaThread "included builds" [_thread_blocked, id=26584, stack(0x0000009795100000,0x0000009795200000)]
  0x00000283dc5dc080 JavaThread "Execution worker" [_thread_blocked, id=26588, stack(0x0000009795400000,0x0000009795500000)]
  0x00000283dc5d8de0 JavaThread "Execution worker Thread 2" [_thread_blocked, id=26592, stack(0x0000009795d00000,0x0000009795e00000)]
  0x00000283dc5db660 JavaThread "Execution worker Thread 3" [_thread_blocked, id=26596, stack(0x0000009795e00000,0x0000009795f00000)]
  0x00000283dc5dbb70 JavaThread "Execution worker Thread 4" [_thread_blocked, id=26600, stack(0x0000009795f00000,0x0000009796000000)]
  0x00000283dc5dcfb0 JavaThread "Execution worker Thread 5" [_thread_blocked, id=26604, stack(0x0000009796000000,0x0000009796100000)]
  0x00000283dc5dd4c0 JavaThread "Execution worker Thread 6" [_thread_blocked, id=26608, stack(0x0000009796100000,0x0000009796200000)]
  0x00000283d82c6b10 JavaThread "Execution worker Thread 7" [_thread_blocked, id=26612, stack(0x0000009796200000,0x0000009796300000)]
  0x00000283d82c7f50 JavaThread "Execution worker Thread 8" [_thread_blocked, id=26616, stack(0x0000009796300000,0x0000009796400000)]
  0x00000283d82cd050 JavaThread "Execution worker Thread 9" [_thread_blocked, id=26620, stack(0x0000009796400000,0x0000009796500000)]
  0x00000283d82c9390 JavaThread "Execution worker Thread 10" [_thread_blocked, id=25604, stack(0x0000009796500000,0x0000009796600000)]
  0x00000283d82c8460 JavaThread "Execution worker Thread 11" [_thread_blocked, id=23076, stack(0x0000009796600000,0x0000009796700000)]
  0x00000283d82c8970 JavaThread "Cache worker for execution history cache (C:\src\flutter\packages\flutter_tools\gradle\.gradle\7.5\executionHistory)" [_thread_blocked, id=25008, stack(0x0000009796700000,0x0000009796800000)]
  0x00000283d82cd560 JavaThread "Unconstrained build operations" [_thread_blocked, id=19924, stack(0x0000009796800000,0x0000009796900000)]
  0x00000283d82c6600 JavaThread "Unconstrained build operations Thread 2" [_thread_blocked, id=16964, stack(0x0000009796900000,0x0000009796a00000)]
  0x00000283d82cda70 JavaThread "Unconstrained build operations Thread 3" [_thread_blocked, id=16852, stack(0x0000009796a00000,0x0000009796b00000)]
  0x00000283d82cdf80 JavaThread "Unconstrained build operations Thread 4" [_thread_blocked, id=14820, stack(0x0000009796b00000,0x0000009796c00000)]
  0x00000283d82c98a0 JavaThread "Unconstrained build operations Thread 5" [_thread_blocked, id=25264, stack(0x0000009796c00000,0x0000009796d00000)]
  0x00000283dc399060 JavaThread "Unconstrained build operations Thread 6" [_thread_blocked, id=11588, stack(0x0000009796d00000,0x0000009796e00000)]
  0x00000283dc399a80 JavaThread "Unconstrained build operations Thread 7" [_thread_blocked, id=14976, stack(0x0000009796e00000,0x0000009796f00000)]
  0x00000283dc39a4a0 JavaThread "Unconstrained build operations Thread 8" [_thread_blocked, id=17988, stack(0x0000009796f00000,0x0000009797000000)]
  0x00000283dc3a09e0 JavaThread "Unconstrained build operations Thread 9" [_thread_blocked, id=9140, stack(0x0000009797000000,0x0000009797100000)]
  0x00000283dc39b3d0 JavaThread "Unconstrained build operations Thread 10" [_thread_blocked, id=5132, stack(0x0000009797100000,0x0000009797200000)]
  0x00000283dc39b8e0 JavaThread "Incoming local TCP Connector on port 59977" [_thread_blocked, id=25644, stack(0x0000009794300000,0x0000009794400000)]
  0x00000283dc39e160 JavaThread "Exec process Thread 4" [_thread_in_native, id=9460, stack(0x0000009797300000,0x0000009797400000)]
  0x00000283dc39bdf0 JavaThread "/127.0.0.1:59977 to /127.0.0.1:59985 workers" [_thread_blocked, id=10576, stack(0x0000009797200000,0x0000009797300000)]
  0x00000283dc39c300 JavaThread "/127.0.0.1:59977 to /127.0.0.1:59985 workers Thread 2" [_thread_blocked, id=23488, stack(0x0000009797400000,0x0000009797500000)]
  0x00000283d9351750 JavaThread "/127.0.0.1:59977 to /127.0.0.1:59985 workers Thread 3" [_thread_blocked, id=25752, stack(0x0000009797500000,0x0000009797600000)]
  0x00000283d934dfa0 JavaThread "/127.0.0.1:59977 to /127.0.0.1:59985 workers Thread 4" [_thread_blocked, id=20444, stack(0x0000009797600000,0x0000009797700000)]
  0x00000283d9350310 JavaThread "/127.0.0.1:59977 to /127.0.0.1:59985 workers Thread 5" [_thread_in_native, id=21428, stack(0x0000009797700000,0x0000009797800000)]

Other Threads:
  0x00000283918f8680 VMThread "VM Thread" [stack: 0x0000009791400000,0x0000009791500000] [id=19704]
  0x00000283ee4ace50 WatcherThread [stack: 0x0000009792000000,0x0000009792100000] [id=22916]
  0x00000283ee48c4a0 GCTaskThread "GC Thread#0" [stack: 0x0000009790f00000,0x0000009791000000] [id=4056]
  0x00000283d78eedf0 GCTaskThread "GC Thread#1" [stack: 0x0000009792200000,0x0000009792300000] [id=16400]
  0x00000283d78ef0b0 GCTaskThread "GC Thread#2" [stack: 0x0000009792300000,0x0000009792400000] [id=20756]
  0x00000283d7870e50 GCTaskThread "GC Thread#3" [stack: 0x0000009792400000,0x0000009792500000] [id=17700]
  0x0000028391d21910 GCTaskThread "GC Thread#4" [stack: 0x0000009792500000,0x0000009792600000] [id=4264]
  0x00000283d8aec030 GCTaskThread "GC Thread#5" [stack: 0x0000009792100000,0x0000009792200000] [id=2356]
  0x00000283d8aec2f0 GCTaskThread "GC Thread#6" [stack: 0x0000009793200000,0x0000009793300000] [id=11980]
  0x00000283d8aec5b0 GCTaskThread "GC Thread#7" [stack: 0x0000009793300000,0x0000009793400000] [id=17148]
  0x00000283d8c63270 GCTaskThread "GC Thread#8" [stack: 0x0000009793400000,0x0000009793500000] [id=24756]
  0x00000283d8ea0f40 GCTaskThread "GC Thread#9" [stack: 0x0000009793500000,0x0000009793600000] [id=6552]
  0x00000283ee49d290 ConcurrentGCThread "G1 Main Marker" [stack: 0x0000009791000000,0x0000009791100000] [id=19080]
  0x00000283ee49dd50 ConcurrentGCThread "G1 Conc#0" [stack: 0x0000009791100000,0x0000009791200000] [id=12276]
  0x00000283d8ea1200 ConcurrentGCThread "G1 Conc#1" [stack: 0x0000009793a00000,0x0000009793b00000] [id=12564]
  0x00000283d8ea0440 ConcurrentGCThread "G1 Conc#2" [stack: 0x0000009793e00000,0x0000009793f00000] [id=12812]
  0x00000283917b5650 ConcurrentGCThread "G1 Refine#0" [stack: 0x0000009791200000,0x0000009791300000] [id=14476]
  0x00000283d9da60c0 ConcurrentGCThread "G1 Refine#1" [stack: 0x0000009794d00000,0x0000009794e00000] [id=1020]
  0x00000283d9bbbf80 ConcurrentGCThread "G1 Refine#2" [stack: 0x0000009795500000,0x0000009795600000] [id=24684]
  0x00000283d9bbe8a0 ConcurrentGCThread "G1 Refine#3" [stack: 0x0000009795600000,0x0000009795700000] [id=25104]
  0x00000283d9bbc270 ConcurrentGCThread "G1 Refine#4" [stack: 0x0000009795700000,0x0000009795800000] [id=17460]
  0x00000283d9bbeb90 ConcurrentGCThread "G1 Refine#5" [stack: 0x0000009795800000,0x0000009795900000] [id=2516]
  0x00000283d9bbd120 ConcurrentGCThread "G1 Refine#6" [stack: 0x0000009795900000,0x0000009795a00000] [id=24560]
  0x00000283d9bbfa40 ConcurrentGCThread "G1 Refine#7" [stack: 0x0000009795a00000,0x0000009795b00000] [id=3924]
  0x00000283d9bbc850 ConcurrentGCThread "G1 Refine#8" [stack: 0x0000009795b00000,0x0000009795c00000] [id=18040]
  0x00000283917b6f30 ConcurrentGCThread "G1 Service" [stack: 0x0000009791300000,0x0000009791400000] [id=6404]

Threads with active compile tasks:
C2 CompilerThread0    89738 17399       4       javax.management.ObjectName::construct (1135 bytes)

VM state: not at safepoint (normal execution)

VM Mutex/Monitor currently owned by a thread: None

Heap address: 0x0000000700000000, size: 4096 MB, Compressed Oops mode: Zero based, Oop shift amount: 3

CDS archive(s) mapped at: [0x0000028392000000-0x0000028392bd0000-0x0000028392bd0000), size 12386304, SharedBaseAddress: 0x0000028392000000, ArchiveRelocationMode: 1.
Compressed class space mapped at: 0x0000028393000000-0x00000283d3000000, reserved size: 1073741824
Narrow klass base: 0x0000028392000000, Narrow klass shift: 0, Narrow klass range: 0x100000000

GC Precious Log:
 CPUs: 12 total, 12 available
 Memory: 5989M
 Large Page Support: Disabled
 NUMA Support: Disabled
 Compressed Oops: Enabled (Zero based)
 Heap Region Size: 2M
 Heap Min Capacity: 8M
 Heap Initial Capacity: 94M
 Heap Max Capacity: 4G
 Pre-touch: Disabled
 Parallel Workers: 10
 Concurrent Workers: 3
 Concurrent Refinement Workers: 10
 Periodic GC: Disabled

Heap:
 garbage-first heap   total 389120K, used 204393K [0x0000000700000000, 0x0000000800000000)
  region size 2048K, 40 young (81920K), 6 survivors (12288K)
 Metaspace       used 142035K, committed 143168K, reserved 1179648K
  class space    used 19007K, committed 19520K, reserved 1048576K

Heap Regions: E=young(eden), S=young(survivor), O=old, HS=humongous(starts), HC=humongous(continues), CS=collection set, F=free, OA=open archive, CA=closed archive, TAMS=top-at-mark-start (previous, next)
|   0|0x0000000700000000, 0x0000000700200000, 0x0000000700200000|100%| O|  |TAMS 0x0000000700200000, 0x0000000700000000| Untracked 
|   1|0x0000000700200000, 0x0000000700400000, 0x0000000700400000|100%| O|  |TAMS 0x0000000700400000, 0x0000000700200000| Untracked 
|   2|0x0000000700400000, 0x0000000700600000, 0x0000000700600000|100%|HS|  |TAMS 0x0000000700600000, 0x0000000700400000| Complete 
|   3|0x0000000700600000, 0x0000000700800000, 0x0000000700800000|100%|HC|  |TAMS 0x0000000700800000, 0x0000000700600000| Complete 
|   4|0x0000000700800000, 0x0000000700a00000, 0x0000000700a00000|100%| O|  |TAMS 0x0000000700a00000, 0x0000000700800000| Untracked 
|   5|0x0000000700a00000, 0x0000000700c00000, 0x0000000700c00000|100%| O|  |TAMS 0x0000000700c00000, 0x0000000700a00000| Untracked 
|   6|0x0000000700c00000, 0x0000000700e00000, 0x0000000700e00000|100%| O|  |TAMS 0x0000000700e00000, 0x0000000700c00000| Untracked 
|   7|0x0000000700e00000, 0x0000000701000000, 0x0000000701000000|100%| O|  |TAMS 0x0000000701000000, 0x0000000700e00000| Untracked 
|   8|0x0000000701000000, 0x0000000701200000, 0x0000000701200000|100%| O|  |TAMS 0x0000000701200000, 0x0000000701000000| Untracked 
|   9|0x0000000701200000, 0x0000000701400000, 0x0000000701400000|100%| O|  |TAMS 0x0000000701400000, 0x0000000701200000| Untracked 
|  10|0x0000000701400000, 0x00000007015de200, 0x0000000701600000| 93%| O|  |TAMS 0x00000007015de200, 0x0000000701400000| Untracked 
|  11|0x0000000701600000, 0x0000000701800000, 0x0000000701800000|100%| O|  |TAMS 0x0000000701800000, 0x0000000701600000| Untracked 
|  12|0x0000000701800000, 0x0000000701a00000, 0x0000000701a00000|100%| O|  |TAMS 0x0000000701a00000, 0x0000000701800000| Untracked 
|  13|0x0000000701a00000, 0x0000000701c00000, 0x0000000701c00000|100%| O|  |TAMS 0x0000000701c00000, 0x0000000701a00000| Untracked 
|  14|0x0000000701c00000, 0x0000000701e00000, 0x0000000701e00000|100%| O|  |TAMS 0x0000000701e00000, 0x0000000701c00000| Untracked 
|  15|0x0000000701e00000, 0x0000000702000000, 0x0000000702000000|100%| O|  |TAMS 0x0000000702000000, 0x0000000701e00000| Untracked 
|  16|0x0000000702000000, 0x0000000702200000, 0x0000000702200000|100%| O|  |TAMS 0x0000000702200000, 0x0000000702000000| Untracked 
|  17|0x0000000702200000, 0x0000000702400000, 0x0000000702400000|100%| O|  |TAMS 0x0000000702400000, 0x0000000702200000| Untracked 
|  18|0x0000000702400000, 0x0000000702600000, 0x0000000702600000|100%| O|  |TAMS 0x0000000702600000, 0x0000000702400000| Untracked 
|  19|0x0000000702600000, 0x0000000702800000, 0x0000000702800000|100%| O|  |TAMS 0x0000000702800000, 0x0000000702600000| Untracked 
|  20|0x0000000702800000, 0x0000000702a00000, 0x0000000702a00000|100%| O|  |TAMS 0x0000000702a00000, 0x0000000702800000| Untracked 
|  21|0x0000000702a00000, 0x0000000702c00000, 0x0000000702c00000|100%| O|  |TAMS 0x0000000702c00000, 0x0000000702a00000| Untracked 
|  22|0x0000000702c00000, 0x0000000702e00000, 0x0000000702e00000|100%| O|  |TAMS 0x0000000702e00000, 0x0000000702c00000| Untracked 
|  23|0x0000000702e00000, 0x0000000703000000, 0x0000000703000000|100%| O|  |TAMS 0x0000000703000000, 0x0000000702e00000| Untracked 
|  24|0x0000000703000000, 0x0000000703200000, 0x0000000703200000|100%| O|  |TAMS 0x0000000703200000, 0x0000000703000000| Untracked 
|  25|0x0000000703200000, 0x0000000703400000, 0x0000000703400000|100%| O|  |TAMS 0x0000000703400000, 0x0000000703200000| Untracked 
|  26|0x0000000703400000, 0x0000000703600000, 0x0000000703600000|100%|HS|  |TAMS 0x0000000703600000, 0x0000000703400000| Complete 
|  27|0x0000000703600000, 0x0000000703800000, 0x0000000703800000|100%|HC|  |TAMS 0x0000000703800000, 0x0000000703600000| Complete 
|  28|0x0000000703800000, 0x0000000703a00000, 0x0000000703a00000|100%| O|  |TAMS 0x0000000703a00000, 0x0000000703800000| Untracked 
|  29|0x0000000703a00000, 0x0000000703c00000, 0x0000000703c00000|100%| O|  |TAMS 0x0000000703c00000, 0x0000000703a00000| Untracked 
|  30|0x0000000703c00000, 0x0000000703e00000, 0x0000000703e00000|100%| O|  |TAMS 0x0000000703e00000, 0x0000000703c00000| Untracked 
|  31|0x0000000703e00000, 0x0000000704000000, 0x0000000704000000|100%| O|  |TAMS 0x0000000704000000, 0x0000000703e00000| Untracked 
|  32|0x0000000704000000, 0x0000000704200000, 0x0000000704200000|100%| O|  |TAMS 0x0000000704200000, 0x0000000704000000| Untracked 
|  33|0x0000000704200000, 0x0000000704400000, 0x0000000704400000|100%| O|  |TAMS 0x0000000704400000, 0x0000000704200000| Untracked 
|  34|0x0000000704400000, 0x0000000704600000, 0x0000000704600000|100%| O|  |TAMS 0x0000000704600000, 0x0000000704400000| Untracked 
|  35|0x0000000704600000, 0x0000000704800000, 0x0000000704800000|100%| O|  |TAMS 0x0000000704800000, 0x0000000704600000| Untracked 
|  36|0x0000000704800000, 0x0000000704a00000, 0x0000000704a00000|100%| O|  |TAMS 0x0000000704a00000, 0x0000000704800000| Untracked 
|  37|0x0000000704a00000, 0x0000000704c00000, 0x0000000704c00000|100%| O|  |TAMS 0x0000000704a00000, 0x0000000704a00000| Untracked 
|  38|0x0000000704c00000, 0x0000000704e00000, 0x0000000704e00000|100%| O|  |TAMS 0x0000000704e00000, 0x0000000704c00000| Untracked 
|  39|0x0000000704e00000, 0x0000000705000000, 0x0000000705000000|100%| O|  |TAMS 0x0000000704e00000, 0x0000000704e00000| Untracked 
|  40|0x0000000705000000, 0x0000000705200000, 0x0000000705200000|100%| O|  |TAMS 0x0000000705200000, 0x0000000705000000| Untracked 
|  41|0x0000000705200000, 0x0000000705400000, 0x0000000705400000|100%| O|  |TAMS 0x0000000705400000, 0x0000000705200000| Untracked 
|  42|0x0000000705400000, 0x0000000705600000, 0x0000000705600000|100%| O|  |TAMS 0x0000000705471000, 0x0000000705400000| Untracked 
|  43|0x0000000705600000, 0x0000000705800000, 0x0000000705800000|100%| O|  |TAMS 0x0000000705800000, 0x0000000705600000| Untracked 
|  44|0x0000000705800000, 0x0000000705a00000, 0x0000000705a00000|100%|HS|  |TAMS 0x0000000705a00000, 0x0000000705800000| Complete 
|  45|0x0000000705a00000, 0x0000000705c00000, 0x0000000705c00000|100%|HS|  |TAMS 0x0000000705c00000, 0x0000000705a00000| Complete 
|  46|0x0000000705c00000, 0x0000000705e00000, 0x0000000705e00000|100%|HC|  |TAMS 0x0000000705e00000, 0x0000000705c00000| Complete 
|  47|0x0000000705e00000, 0x0000000706000000, 0x0000000706000000|100%| O|  |TAMS 0x0000000706000000, 0x0000000705e00000| Untracked 
|  48|0x0000000706000000, 0x0000000706200000, 0x0000000706200000|100%| O|  |TAMS 0x0000000706200000, 0x0000000706000000| Untracked 
|  49|0x0000000706200000, 0x0000000706400000, 0x0000000706400000|100%| O|  |TAMS 0x0000000706400000, 0x0000000706200000| Untracked 
|  50|0x0000000706400000, 0x0000000706600000, 0x0000000706600000|100%| O|  |TAMS 0x0000000706600000, 0x0000000706400000| Untracked 
|  51|0x0000000706600000, 0x0000000706800000, 0x0000000706800000|100%| O|  |TAMS 0x0000000706800000, 0x0000000706600000| Untracked 
|  52|0x0000000706800000, 0x0000000706a00000, 0x0000000706a00000|100%| O|  |TAMS 0x0000000706a00000, 0x0000000706800000| Untracked 
|  53|0x0000000706a00000, 0x0000000706c00000, 0x0000000706c00000|100%| O|  |TAMS 0x0000000706a00000, 0x0000000706a00000| Untracked 
|  54|0x0000000706c00000, 0x0000000706e00000, 0x0000000706e00000|100%| O|  |TAMS 0x0000000706c00000, 0x0000000706c00000| Untracked 
|  55|0x0000000706e00000, 0x0000000707000000, 0x0000000707000000|100%| O|  |TAMS 0x0000000706e00000, 0x0000000706e00000| Untracked 
|  56|0x0000000707000000, 0x0000000707200000, 0x0000000707200000|100%| O|  |TAMS 0x0000000707000000, 0x0000000707000000| Untracked 
|  57|0x0000000707200000, 0x0000000707400000, 0x0000000707400000|100%| O|  |TAMS 0x0000000707200000, 0x0000000707200000| Untracked 
|  58|0x0000000707400000, 0x0000000707600000, 0x0000000707600000|100%| O|  |TAMS 0x0000000707400000, 0x0000000707400000| Untracked 
|  59|0x0000000707600000, 0x00000007077bc400, 0x0000000707800000| 86%| O|  |TAMS 0x0000000707600000, 0x0000000707600000| Untracked 
|  60|0x0000000707800000, 0x0000000707800000, 0x0000000707a00000|  0%| F|  |TAMS 0x0000000707800000, 0x0000000707800000| Untracked 
|  61|0x0000000707a00000, 0x0000000707a00000, 0x0000000707c00000|  0%| F|  |TAMS 0x0000000707a00000, 0x0000000707a00000| Untracked 
|  62|0x0000000707c00000, 0x0000000707c00000, 0x0000000707e00000|  0%| F|  |TAMS 0x0000000707c00000, 0x0000000707c00000| Untracked 
|  63|0x0000000707e00000, 0x0000000707e00000, 0x0000000708000000|  0%| F|  |TAMS 0x0000000707e00000, 0x0000000707e00000| Untracked 
|  64|0x0000000708000000, 0x0000000708000000, 0x0000000708200000|  0%| F|  |TAMS 0x0000000708000000, 0x0000000708000000| Untracked 
|  65|0x0000000708200000, 0x0000000708200000, 0x0000000708400000|  0%| F|  |TAMS 0x0000000708200000, 0x0000000708200000| Untracked 
|  66|0x0000000708400000, 0x0000000708400000, 0x0000000708600000|  0%| F|  |TAMS 0x0000000708400000, 0x0000000708400000| Untracked 
|  67|0x0000000708600000, 0x0000000708600000, 0x0000000708800000|  0%| F|  |TAMS 0x0000000708600000, 0x0000000708600000| Untracked 
|  68|0x0000000708800000, 0x0000000708800000, 0x0000000708a00000|  0%| F|  |TAMS 0x0000000708800000, 0x0000000708800000| Untracked 
|  69|0x0000000708a00000, 0x0000000708a00000, 0x0000000708c00000|  0%| F|  |TAMS 0x0000000708a00000, 0x0000000708a00000| Untracked 
|  70|0x0000000708c00000, 0x0000000708c00000, 0x0000000708e00000|  0%| F|  |TAMS 0x0000000708c00000, 0x0000000708c00000| Untracked 
|  71|0x0000000708e00000, 0x0000000708e00000, 0x0000000709000000|  0%| F|  |TAMS 0x0000000708e00000, 0x0000000708e00000| Untracked 
|  72|0x0000000709000000, 0x0000000709000000, 0x0000000709200000|  0%| F|  |TAMS 0x0000000709000000, 0x0000000709000000| Untracked 
|  73|0x0000000709200000, 0x0000000709200000, 0x0000000709400000|  0%| F|  |TAMS 0x0000000709200000, 0x0000000709200000| Untracked 
|  74|0x0000000709400000, 0x0000000709400000, 0x0000000709600000|  0%| F|  |TAMS 0x0000000709400000, 0x0000000709400000| Untracked 
|  75|0x0000000709600000, 0x0000000709600000, 0x0000000709800000|  0%| F|  |TAMS 0x0000000709600000, 0x0000000709600000| Untracked 
|  76|0x0000000709800000, 0x0000000709800000, 0x0000000709a00000|  0%| F|  |TAMS 0x0000000709800000, 0x0000000709800000| Untracked 
|  77|0x0000000709a00000, 0x0000000709a00000, 0x0000000709c00000|  0%| F|  |TAMS 0x0000000709a00000, 0x0000000709a00000| Untracked 
|  78|0x0000000709c00000, 0x0000000709c00000, 0x0000000709e00000|  0%| F|  |TAMS 0x0000000709c00000, 0x0000000709c00000| Untracked 
|  79|0x0000000709e00000, 0x0000000709e00000, 0x000000070a000000|  0%| F|  |TAMS 0x0000000709e00000, 0x0000000709e00000| Untracked 
|  80|0x000000070a000000, 0x000000070a000000, 0x000000070a200000|  0%| F|  |TAMS 0x000000070a000000, 0x000000070a000000| Untracked 
|  81|0x000000070a200000, 0x000000070a200000, 0x000000070a400000|  0%| F|  |TAMS 0x000000070a200000, 0x000000070a200000| Untracked 
|  82|0x000000070a400000, 0x000000070a400000, 0x000000070a600000|  0%| F|  |TAMS 0x000000070a400000, 0x000000070a400000| Untracked 
|  83|0x000000070a600000, 0x000000070a600000, 0x000000070a800000|  0%| F|  |TAMS 0x000000070a600000, 0x000000070a600000| Untracked 
|  84|0x000000070a800000, 0x000000070a800000, 0x000000070aa00000|  0%| F|  |TAMS 0x000000070a800000, 0x000000070a800000| Untracked 
|  85|0x000000070aa00000, 0x000000070aa00000, 0x000000070ac00000|  0%| F|  |TAMS 0x000000070aa00000, 0x000000070aa00000| Untracked 
|  86|0x000000070ac00000, 0x000000070ac00000, 0x000000070ae00000|  0%| F|  |TAMS 0x000000070ac00000, 0x000000070ac00000| Untracked 
|  87|0x000000070ae00000, 0x000000070ae00000, 0x000000070b000000|  0%| F|  |TAMS 0x000000070ae00000, 0x000000070ae00000| Untracked 
|  88|0x000000070b000000, 0x000000070b000000, 0x000000070b200000|  0%| F|  |TAMS 0x000000070b000000, 0x000000070b000000| Untracked 
|  89|0x000000070b200000, 0x000000070b200000, 0x000000070b400000|  0%| F|  |TAMS 0x000000070b200000, 0x000000070b200000| Untracked 
|  90|0x000000070b400000, 0x000000070b400000, 0x000000070b600000|  0%| F|  |TAMS 0x000000070b400000, 0x000000070b400000| Untracked 
|  91|0x000000070b600000, 0x000000070b600000, 0x000000070b800000|  0%| F|  |TAMS 0x000000070b600000, 0x000000070b600000| Untracked 
|  92|0x000000070b800000, 0x000000070ba00000, 0x000000070ba00000|100%| S|CS|TAMS 0x000000070b800000, 0x000000070b800000| Complete 
|  93|0x000000070ba00000, 0x000000070ba00000, 0x000000070bc00000|  0%| F|  |TAMS 0x000000070ba00000, 0x000000070ba00000| Untracked 
|  94|0x000000070bc00000, 0x000000070bc00000, 0x000000070be00000|  0%| F|  |TAMS 0x000000070bc00000, 0x000000070bc00000| Untracked 
|  95|0x000000070be00000, 0x000000070be00000, 0x000000070c000000|  0%| F|  |TAMS 0x000000070be00000, 0x000000070be00000| Untracked 
|  96|0x000000070c000000, 0x000000070c000000, 0x000000070c200000|  0%| F|  |TAMS 0x000000070c000000, 0x000000070c000000| Untracked 
|  97|0x000000070c200000, 0x000000070c200000, 0x000000070c400000|  0%| F|  |TAMS 0x000000070c200000, 0x000000070c200000| Untracked 
|  98|0x000000070c400000, 0x000000070c400000, 0x000000070c600000|  0%| F|  |TAMS 0x000000070c400000, 0x000000070c400000| Untracked 
|  99|0x000000070c600000, 0x000000070c800000, 0x000000070c800000|100%| S|CS|TAMS 0x000000070c600000, 0x000000070c600000| Complete 
| 100|0x000000070c800000, 0x000000070ca00000, 0x000000070ca00000|100%| S|CS|TAMS 0x000000070c800000, 0x000000070c800000| Complete 
| 101|0x000000070ca00000, 0x000000070cc00000, 0x000000070cc00000|100%| S|CS|TAMS 0x000000070ca00000, 0x000000070ca00000| Complete 
| 102|0x000000070cc00000, 0x000000070ce00000, 0x000000070ce00000|100%| S|CS|TAMS 0x000000070cc00000, 0x000000070cc00000| Complete 
| 103|0x000000070ce00000, 0x000000070d000000, 0x000000070d000000|100%| S|CS|TAMS 0x000000070ce00000, 0x000000070ce00000| Complete 
| 104|0x000000070d000000, 0x000000070d000000, 0x000000070d200000|  0%| F|  |TAMS 0x000000070d000000, 0x000000070d000000| Untracked 
| 105|0x000000070d200000, 0x000000070d200000, 0x000000070d400000|  0%| F|  |TAMS 0x000000070d200000, 0x000000070d200000| Untracked 
| 106|0x000000070d400000, 0x000000070d400000, 0x000000070d600000|  0%| F|  |TAMS 0x000000070d400000, 0x000000070d400000| Untracked 
| 107|0x000000070d600000, 0x000000070d600000, 0x000000070d800000|  0%| F|  |TAMS 0x000000070d600000, 0x000000070d600000| Untracked 
| 108|0x000000070d800000, 0x000000070d800000, 0x000000070da00000|  0%| F|  |TAMS 0x000000070d800000, 0x000000070d800000| Untracked 
| 109|0x000000070da00000, 0x000000070da00000, 0x000000070dc00000|  0%| F|  |TAMS 0x000000070da00000, 0x000000070da00000| Untracked 
| 110|0x000000070dc00000, 0x000000070dc00000, 0x000000070de00000|  0%| F|  |TAMS 0x000000070dc00000, 0x000000070dc00000| Untracked 
| 111|0x000000070de00000, 0x000000070de00000, 0x000000070e000000|  0%| F|  |TAMS 0x000000070de00000, 0x000000070de00000| Untracked 
| 112|0x000000070e000000, 0x000000070e000000, 0x000000070e200000|  0%| F|  |TAMS 0x000000070e000000, 0x000000070e000000| Untracked 
| 113|0x000000070e200000, 0x000000070e200000, 0x000000070e400000|  0%| F|  |TAMS 0x000000070e200000, 0x000000070e200000| Untracked 
| 114|0x000000070e400000, 0x000000070e400000, 0x000000070e600000|  0%| F|  |TAMS 0x000000070e400000, 0x000000070e400000| Untracked 
| 115|0x000000070e600000, 0x000000070e600000, 0x000000070e800000|  0%| F|  |TAMS 0x000000070e600000, 0x000000070e600000| Untracked 
| 116|0x000000070e800000, 0x000000070e800000, 0x000000070ea00000|  0%| F|  |TAMS 0x000000070e800000, 0x000000070e800000| Untracked 
| 117|0x000000070ea00000, 0x000000070ea00000, 0x000000070ec00000|  0%| F|  |TAMS 0x000000070ea00000, 0x000000070ea00000| Untracked 
| 118|0x000000070ec00000, 0x000000070ec00000, 0x000000070ee00000|  0%| F|  |TAMS 0x000000070ec00000, 0x000000070ec00000| Untracked 
| 119|0x000000070ee00000, 0x000000070ee00000, 0x000000070f000000|  0%| F|  |TAMS 0x000000070ee00000, 0x000000070ee00000| Untracked 
| 120|0x000000070f000000, 0x000000070f000000, 0x000000070f200000|  0%| F|  |TAMS 0x000000070f000000, 0x000000070f000000| Untracked 
| 121|0x000000070f200000, 0x000000070f200000, 0x000000070f400000|  0%| F|  |TAMS 0x000000070f200000, 0x000000070f200000| Untracked 
| 122|0x000000070f400000, 0x000000070f400000, 0x000000070f600000|  0%| F|  |TAMS 0x000000070f400000, 0x000000070f400000| Untracked 
| 123|0x000000070f600000, 0x000000070f600000, 0x000000070f800000|  0%| F|  |TAMS 0x000000070f600000, 0x000000070f600000| Untracked 
| 124|0x000000070f800000, 0x000000070f800000, 0x000000070fa00000|  0%| F|  |TAMS 0x000000070f800000, 0x000000070f800000| Untracked 
| 125|0x000000070fa00000, 0x000000070fa00000, 0x000000070fc00000|  0%| F|  |TAMS 0x000000070fa00000, 0x000000070fa00000| Untracked 
| 126|0x000000070fc00000, 0x000000070fc00000, 0x000000070fe00000|  0%| F|  |TAMS 0x000000070fc00000, 0x000000070fc00000| Untracked 
| 127|0x000000070fe00000, 0x000000070fe00000, 0x0000000710000000|  0%| F|  |TAMS 0x000000070fe00000, 0x000000070fe00000| Untracked 
| 128|0x0000000710000000, 0x0000000710000000, 0x0000000710200000|  0%| F|  |TAMS 0x0000000710000000, 0x0000000710000000| Untracked 
| 129|0x0000000710200000, 0x0000000710200000, 0x0000000710400000|  0%| F|  |TAMS 0x0000000710200000, 0x0000000710200000| Untracked 
| 130|0x0000000710400000, 0x0000000710400000, 0x0000000710600000|  0%| F|  |TAMS 0x0000000710400000, 0x0000000710400000| Untracked 
| 131|0x0000000710600000, 0x0000000710600000, 0x0000000710800000|  0%| F|  |TAMS 0x0000000710600000, 0x0000000710600000| Untracked 
| 132|0x0000000710800000, 0x0000000710800000, 0x0000000710a00000|  0%| F|  |TAMS 0x0000000710800000, 0x0000000710800000| Untracked 
| 133|0x0000000710a00000, 0x0000000710a00000, 0x0000000710c00000|  0%| F|  |TAMS 0x0000000710a00000, 0x0000000710a00000| Untracked 
| 134|0x0000000710c00000, 0x0000000710c00000, 0x0000000710e00000|  0%| F|  |TAMS 0x0000000710c00000, 0x0000000710c00000| Untracked 
| 135|0x0000000710e00000, 0x0000000710e00000, 0x0000000711000000|  0%| F|  |TAMS 0x0000000710e00000, 0x0000000710e00000| Untracked 
| 136|0x0000000711000000, 0x0000000711000000, 0x0000000711200000|  0%| F|  |TAMS 0x0000000711000000, 0x0000000711000000| Untracked 
| 137|0x0000000711200000, 0x0000000711200000, 0x0000000711400000|  0%| F|  |TAMS 0x0000000711200000, 0x0000000711200000| Untracked 
| 138|0x0000000711400000, 0x0000000711400000, 0x0000000711600000|  0%| F|  |TAMS 0x0000000711400000, 0x0000000711400000| Untracked 
| 139|0x0000000711600000, 0x0000000711600000, 0x0000000711800000|  0%| F|  |TAMS 0x0000000711600000, 0x0000000711600000| Untracked 
| 140|0x0000000711800000, 0x0000000711800000, 0x0000000711a00000|  0%| F|  |TAMS 0x0000000711800000, 0x0000000711800000| Untracked 
| 141|0x0000000711a00000, 0x0000000711a00000, 0x0000000711c00000|  0%| F|  |TAMS 0x0000000711a00000, 0x0000000711a00000| Untracked 
| 142|0x0000000711c00000, 0x0000000711c00000, 0x0000000711e00000|  0%| F|  |TAMS 0x0000000711c00000, 0x0000000711c00000| Untracked 
| 143|0x0000000711e00000, 0x0000000711e00000, 0x0000000712000000|  0%| F|  |TAMS 0x0000000711e00000, 0x0000000711e00000| Untracked 
| 144|0x0000000712000000, 0x0000000712000000, 0x0000000712200000|  0%| F|  |TAMS 0x0000000712000000, 0x0000000712000000| Untracked 
| 145|0x0000000712200000, 0x0000000712200000, 0x0000000712400000|  0%| F|  |TAMS 0x0000000712200000, 0x0000000712200000| Untracked 
| 146|0x0000000712400000, 0x0000000712400000, 0x0000000712600000|  0%| F|  |TAMS 0x0000000712400000, 0x0000000712400000| Untracked 
| 147|0x0000000712600000, 0x0000000712600000, 0x0000000712800000|  0%| F|  |TAMS 0x0000000712600000, 0x0000000712600000| Untracked 
| 148|0x0000000712800000, 0x0000000712800000, 0x0000000712a00000|  0%| F|  |TAMS 0x0000000712800000, 0x0000000712800000| Untracked 
| 149|0x0000000712a00000, 0x0000000712a00000, 0x0000000712c00000|  0%| F|  |TAMS 0x0000000712a00000, 0x0000000712a00000| Untracked 
| 150|0x0000000712c00000, 0x0000000712c00000, 0x0000000712e00000|  0%| F|  |TAMS 0x0000000712c00000, 0x0000000712c00000| Untracked 
| 151|0x0000000712e00000, 0x0000000712e00000, 0x0000000713000000|  0%| F|  |TAMS 0x0000000712e00000, 0x0000000712e00000| Untracked 
| 152|0x0000000713000000, 0x0000000713000000, 0x0000000713200000|  0%| F|  |TAMS 0x0000000713000000, 0x0000000713000000| Untracked 
| 153|0x0000000713200000, 0x0000000713200000, 0x0000000713400000|  0%| F|  |TAMS 0x0000000713200000, 0x0000000713200000| Untracked 
| 154|0x0000000713400000, 0x0000000713400000, 0x0000000713600000|  0%| F|  |TAMS 0x0000000713400000, 0x0000000713400000| Untracked 
| 155|0x0000000713600000, 0x0000000713668378, 0x0000000713800000| 20%| E|  |TAMS 0x0000000713600000, 0x0000000713600000| Complete 
| 156|0x0000000713800000, 0x0000000713a00000, 0x0000000713a00000|100%| E|CS|TAMS 0x0000000713800000, 0x0000000713800000| Complete 
| 157|0x0000000713a00000, 0x0000000713c00000, 0x0000000713c00000|100%| E|CS|TAMS 0x0000000713a00000, 0x0000000713a00000| Complete 
| 158|0x0000000713c00000, 0x0000000713e00000, 0x0000000713e00000|100%| E|CS|TAMS 0x0000000713c00000, 0x0000000713c00000| Complete 
| 159|0x0000000713e00000, 0x0000000714000000, 0x0000000714000000|100%| E|CS|TAMS 0x0000000713e00000, 0x0000000713e00000| Complete 
| 160|0x0000000714000000, 0x0000000714200000, 0x0000000714200000|100%| E|CS|TAMS 0x0000000714000000, 0x0000000714000000| Complete 
| 161|0x0000000714200000, 0x0000000714400000, 0x0000000714400000|100%| E|CS|TAMS 0x0000000714200000, 0x0000000714200000| Complete 
| 162|0x0000000714400000, 0x0000000714600000, 0x0000000714600000|100%| E|CS|TAMS 0x0000000714400000, 0x0000000714400000| Complete 
| 163|0x0000000714600000, 0x0000000714800000, 0x0000000714800000|100%| E|CS|TAMS 0x0000000714600000, 0x0000000714600000| Complete 
| 164|0x0000000714800000, 0x0000000714a00000, 0x0000000714a00000|100%| E|CS|TAMS 0x0000000714800000, 0x0000000714800000| Complete 
| 165|0x0000000714a00000, 0x0000000714c00000, 0x0000000714c00000|100%| E|CS|TAMS 0x0000000714a00000, 0x0000000714a00000| Complete 
| 166|0x0000000714c00000, 0x0000000714e00000, 0x0000000714e00000|100%| E|CS|TAMS 0x0000000714c00000, 0x0000000714c00000| Complete 
| 167|0x0000000714e00000, 0x0000000715000000, 0x0000000715000000|100%| E|CS|TAMS 0x0000000714e00000, 0x0000000714e00000| Complete 
| 168|0x0000000715000000, 0x0000000715200000, 0x0000000715200000|100%| E|CS|TAMS 0x0000000715000000, 0x0000000715000000| Complete 
| 169|0x0000000715200000, 0x0000000715400000, 0x0000000715400000|100%| E|CS|TAMS 0x0000000715200000, 0x0000000715200000| Complete 
| 170|0x0000000715400000, 0x0000000715600000, 0x0000000715600000|100%| E|CS|TAMS 0x0000000715400000, 0x0000000715400000| Complete 
| 171|0x0000000715600000, 0x0000000715800000, 0x0000000715800000|100%| E|CS|TAMS 0x0000000715600000, 0x0000000715600000| Complete 
| 172|0x0000000715800000, 0x0000000715a00000, 0x0000000715a00000|100%| E|CS|TAMS 0x0000000715800000, 0x0000000715800000| Complete 
| 173|0x0000000715a00000, 0x0000000715c00000, 0x0000000715c00000|100%| E|CS|TAMS 0x0000000715a00000, 0x0000000715a00000| Complete 
| 174|0x0000000715c00000, 0x0000000715e00000, 0x0000000715e00000|100%| E|CS|TAMS 0x0000000715c00000, 0x0000000715c00000| Complete 
| 175|0x0000000715e00000, 0x0000000716000000, 0x0000000716000000|100%| E|CS|TAMS 0x0000000715e00000, 0x0000000715e00000| Complete 
| 176|0x0000000716000000, 0x0000000716200000, 0x0000000716200000|100%| E|CS|TAMS 0x0000000716000000, 0x0000000716000000| Complete 
| 177|0x0000000716200000, 0x0000000716400000, 0x0000000716400000|100%| E|CS|TAMS 0x0000000716200000, 0x0000000716200000| Complete 
| 178|0x0000000716400000, 0x0000000716600000, 0x0000000716600000|100%| E|CS|TAMS 0x0000000716400000, 0x0000000716400000| Complete 
| 179|0x0000000716600000, 0x0000000716800000, 0x0000000716800000|100%| E|CS|TAMS 0x0000000716600000, 0x0000000716600000| Complete 
| 180|0x0000000716800000, 0x0000000716a00000, 0x0000000716a00000|100%| E|CS|TAMS 0x0000000716800000, 0x0000000716800000| Complete 
| 181|0x0000000716a00000, 0x0000000716c00000, 0x0000000716c00000|100%| E|CS|TAMS 0x0000000716a00000, 0x0000000716a00000| Complete 
| 182|0x0000000716c00000, 0x0000000716e00000, 0x0000000716e00000|100%| E|CS|TAMS 0x0000000716c00000, 0x0000000716c00000| Complete 
| 183|0x0000000716e00000, 0x0000000717000000, 0x0000000717000000|100%| E|CS|TAMS 0x0000000716e00000, 0x0000000716e00000| Complete 
| 184|0x0000000717000000, 0x0000000717200000, 0x0000000717200000|100%| E|CS|TAMS 0x0000000717000000, 0x0000000717000000| Complete 
| 185|0x0000000717200000, 0x0000000717400000, 0x0000000717400000|100%| E|CS|TAMS 0x0000000717200000, 0x0000000717200000| Complete 
| 186|0x0000000717400000, 0x0000000717600000, 0x0000000717600000|100%| E|CS|TAMS 0x0000000717400000, 0x0000000717400000| Complete 
| 187|0x0000000717600000, 0x0000000717800000, 0x0000000717800000|100%| E|CS|TAMS 0x0000000717600000, 0x0000000717600000| Complete 
| 188|0x0000000717800000, 0x0000000717a00000, 0x0000000717a00000|100%| E|CS|TAMS 0x0000000717800000, 0x0000000717800000| Complete 
|2047|0x00000007ffe00000, 0x0000000800000000, 0x0000000800000000|100%| O|  |TAMS 0x0000000800000000, 0x00000007ffe00000| Untracked 

Card table byte_map: [0x00000283f6c50000,0x00000283f7450000] _byte_map_base: 0x00000283f3450000

Marking Bits (Prev, Next): (CMBitMap*) 0x00000283ee48c9a0, (CMBitMap*) 0x00000283ee48c960
 Prev Bits: [0x00000283fbc50000, 0x00000283ffc50000)
 Next Bits: [0x00000283f7c50000, 0x00000283fbc50000)

Polling page: 0x00000283ec3e0000

Metaspace:

Usage:
  Non-class:    120.15 MB used.
      Class:     18.56 MB used.
       Both:    138.71 MB used.

Virtual space:
  Non-class space:      128.00 MB reserved,     120.75 MB ( 94%) committed,  2 nodes.
      Class space:        1.00 GB reserved,      19.06 MB (  2%) committed,  1 nodes.
             Both:        1.12 GB reserved,     139.81 MB ( 12%) committed. 

Chunk freelists:
   Non-Class:  6.87 MB
       Class:  13.00 MB
        Both:  19.87 MB

MaxMetaspaceSize: unlimited
CompressedClassSpaceSize: 1.00 GB
Initial GC threshold: 21.00 MB
Current GC threshold: 192.94 MB
CDS: on
MetaspaceReclaimPolicy: balanced
 - commit_granule_bytes: 65536.
 - commit_granule_words: 8192.
 - virtual_space_node_default_size: 8388608.
 - enlarge_chunks_in_place: 1.
 - new_chunks_are_fully_committed: 0.
 - uncommit_free_chunks: 1.
 - use_allocation_guard: 0.
 - handle_deallocations: 1.


Internal statistics:

num_allocs_failed_limit: 6.
num_arena_births: 1374.
num_arena_deaths: 24.
num_vsnodes_births: 3.
num_vsnodes_deaths: 0.
num_space_committed: 2235.
num_space_uncommitted: 0.
num_chunks_returned_to_freelist: 44.
num_chunks_taken_from_freelist: 6942.
num_chunk_merges: 8.
num_chunk_splits: 4839.
num_chunks_enlarged: 3487.
num_inconsistent_stats: 0.

CodeHeap 'non-profiled nmethods': size=120000Kb used=10208Kb max_used=10208Kb free=109791Kb
 bounds [0x0000028387ad0000, 0x00000283884d0000, 0x000002838f000000]
CodeHeap 'profiled nmethods': size=120000Kb used=29398Kb max_used=29398Kb free=90601Kb
 bounds [0x0000028380000000, 0x0000028381cc0000, 0x0000028387530000]
CodeHeap 'non-nmethods': size=5760Kb used=2535Kb max_used=2593Kb free=3224Kb
 bounds [0x0000028387530000, 0x00000283877d0000, 0x0000028387ad0000]
 total_blobs=15658 nmethods=14559 adapters=1010
 compilation: enabled
              stopped_count=0, restarted_count=0
 full_count=0

Compilation events (20 events):
Event: 85.105 Thread 0x0000028391929d00 nmethod 17389 0x00000283884b6f90 code [0x00000283884b7120, 0x00000283884b71d8]
Event: 85.105 Thread 0x0000028391929d00 17390       1       org.gradle.util.internal.DisconnectableInputStream::access$400 (5 bytes)
Event: 85.105 Thread 0x0000028391929d00 nmethod 17390 0x00000283884b7290 code [0x00000283884b7420, 0x00000283884b74d8]
Event: 85.600 Thread 0x000002839191dd40 17391       4       java.net.URLClassLoader::isSealed (72 bytes)
Event: 85.635 Thread 0x0000028391929d00 17394       3       java.io.ObjectOutputStream::writeNonProxyDesc (109 bytes)
Event: 85.637 Thread 0x0000028391929d00 nmethod 17394 0x0000028381cb2790 code [0x0000028381cb2bc0, 0x0000028381cb4878]
Event: 85.671 Thread 0x0000028391929d00 17396       3       java.net.InetSocketAddress::isUnresolved (8 bytes)
Event: 85.671 Thread 0x0000028391929d00 nmethod 17396 0x0000028381cb5210 code [0x0000028381cb53a0, 0x0000028381cb5578]
Event: 85.711 Thread 0x000002839191dd40 nmethod 17391 0x00000283884b7590 code [0x00000283884b78e0, 0x00000283884b9f68]
Event: 85.711 Thread 0x000002839191dd40 17393       4       jdk.internal.org.objectweb.asm.MethodWriter::computeAllFrames (510 bytes)
Event: 85.960 Thread 0x000002839191dd40 nmethod 17393 0x00000283884bba10 code [0x00000283884bbe80, 0x00000283884c38a8]
Event: 85.960 Thread 0x000002839191dd40 17395       4       java.net.URL::toString (5 bytes)
Event: 85.961 Thread 0x000002839191dd40 nmethod 17395 0x00000283884c7090 code [0x00000283884c7220, 0x00000283884c72e8]
Event: 85.961 Thread 0x000002839191dd40 17392       4       jdk.internal.org.objectweb.asm.MethodWriter::visitTypeInsn (116 bytes)
Event: 85.969 Thread 0x000002839191dd40 nmethod 17392 0x00000283884c7410 code [0x00000283884c75c0, 0x00000283884c7948]
Event: 88.323 Thread 0x000002839191dd40 17397       4       java.util.Optional::of (12 bytes)
Event: 88.325 Thread 0x000002839191dd40 nmethod 17397 0x00000283884c7c90 code [0x00000283884c7e20, 0x00000283884c7f78]
Event: 89.322 Thread 0x0000028391929d00 17398       3       java.util.Collections$EmptyList::spliterator (4 bytes)
Event: 89.323 Thread 0x0000028391929d00 nmethod 17398 0x0000028381cb5690 code [0x0000028381cb5820, 0x0000028381cb5998]
Event: 89.324 Thread 0x000002839191dd40 17399       4       javax.management.ObjectName::construct (1135 bytes)

GC Heap History (20 events):
Event: 27.177 GC heap before
{Heap before GC invocations=50 (full 0):
 garbage-first heap   total 172032K, used 139792K [0x0000000700000000, 0x0000000800000000)
  region size 2048K, 21 young (43008K), 3 survivors (6144K)
 Metaspace       used 107707K, committed 108416K, reserved 1179648K
  class space    used 14398K, committed 14720K, reserved 1048576K
}
Event: 27.182 GC heap after
{Heap after GC invocations=51 (full 0):
 garbage-first heap   total 172032K, used 108010K [0x0000000700000000, 0x0000000800000000)
  region size 2048K, 3 young (6144K), 3 survivors (6144K)
 Metaspace       used 107707K, committed 108416K, reserved 1179648K
  class space    used 14398K, committed 14720K, reserved 1048576K
}
Event: 27.213 GC heap before
{Heap before GC invocations=51 (full 0):
 garbage-first heap   total 172032K, used 110058K [0x0000000700000000, 0x0000000800000000)
  region size 2048K, 4 young (8192K), 3 survivors (6144K)
 Metaspace       used 107908K, committed 108672K, reserved 1179648K
  class space    used 14428K, committed 14784K, reserved 1048576K
}
Event: 27.217 GC heap after
{Heap after GC invocations=52 (full 0):
 garbage-first heap   total 172032K, used 103694K [0x0000000700000000, 0x0000000800000000)
  region size 2048K, 1 young (2048K), 1 survivors (2048K)
 Metaspace       used 107908K, committed 108672K, reserved 1179648K
  class space    used 14428K, committed 14784K, reserved 1048576K
}
Event: 27.925 GC heap before
{Heap before GC invocations=52 (full 0):
 garbage-first heap   total 172032K, used 136462K [0x0000000700000000, 0x0000000800000000)
  region size 2048K, 17 young (34816K), 1 survivors (2048K)
 Metaspace       used 112068K, committed 112832K, reserved 1179648K
  class space    used 14917K, committed 15296K, reserved 1048576K
}
Event: 27.929 GC heap after
{Heap after GC invocations=53 (full 0):
 garbage-first heap   total 172032K, used 105222K [0x0000000700000000, 0x0000000800000000)
  region size 2048K, 1 young (2048K), 1 survivors (2048K)
 Metaspace       used 112068K, committed 112832K, reserved 1179648K
  class space    used 14917K, committed 15296K, reserved 1048576K
}
Event: 28.378 GC heap before
{Heap before GC invocations=54 (full 0):
 garbage-first heap   total 192512K, used 137990K [0x0000000700000000, 0x0000000800000000)
  region size 2048K, 18 young (36864K), 1 survivors (2048K)
 Metaspace       used 113768K, committed 114560K, reserved 1179648K
  class space    used 15147K, committed 15488K, reserved 1048576K
}
Event: 28.381 GC heap after
{Heap after GC invocations=55 (full 0):
 garbage-first heap   total 192512K, used 108228K [0x0000000700000000, 0x0000000800000000)
  region size 2048K, 3 young (6144K), 3 survivors (6144K)
 Metaspace       used 113768K, committed 114560K, reserved 1179648K
  class space    used 15147K, committed 15488K, reserved 1048576K
}
Event: 28.407 GC heap before
{Heap before GC invocations=55 (full 0):
 garbage-first heap   total 192512K, used 110276K [0x0000000700000000, 0x0000000800000000)
  region size 2048K, 4 young (8192K), 3 survivors (6144K)
 Metaspace       used 113910K, committed 114752K, reserved 1179648K
  class space    used 15164K, committed 15552K, reserved 1048576K
}
Event: 28.411 GC heap after
{Heap after GC invocations=56 (full 0):
 garbage-first heap   total 192512K, used 107480K [0x0000000700000000, 0x0000000800000000)
  region size 2048K, 1 young (2048K), 1 survivors (2048K)
 Metaspace       used 113910K, committed 114752K, reserved 1179648K
  class space    used 15164K, committed 15552K, reserved 1048576K
}
Event: 29.170 GC heap before
{Heap before GC invocations=56 (full 0):
 garbage-first heap   total 192512K, used 150488K [0x0000000700000000, 0x0000000800000000)
  region size 2048K, 23 young (47104K), 1 survivors (2048K)
 Metaspace       used 117443K, committed 118208K, reserved 1179648K
  class space    used 15598K, committed 15936K, reserved 1048576K
}
Event: 29.173 GC heap after
{Heap after GC invocations=57 (full 0):
 garbage-first heap   total 192512K, used 109047K [0x0000000700000000, 0x0000000800000000)
  region size 2048K, 2 young (4096K), 2 survivors (4096K)
 Metaspace       used 117443K, committed 118208K, reserved 1179648K
  class space    used 15598K, committed 15936K, reserved 1048576K
}
Event: 29.579 GC heap before
{Heap before GC invocations=58 (full 0):
 garbage-first heap   total 194560K, used 154103K [0x0000000700000000, 0x0000000800000000)
  region size 2048K, 24 young (49152K), 2 survivors (4096K)
 Metaspace       used 118610K, committed 119488K, reserved 1179648K
  class space    used 15777K, committed 16192K, reserved 1048576K
}
Event: 29.585 GC heap after
{Heap after GC invocations=59 (full 0):
 garbage-first heap   total 194560K, used 112428K [0x0000000700000000, 0x0000000800000000)
  region size 2048K, 3 young (6144K), 3 survivors (6144K)
 Metaspace       used 118610K, committed 119488K, reserved 1179648K
  class space    used 15777K, committed 16192K, reserved 1048576K
}
Event: 29.588 GC heap before
{Heap before GC invocations=59 (full 0):
 garbage-first heap   total 194560K, used 114476K [0x0000000700000000, 0x0000000800000000)
  region size 2048K, 4 young (8192K), 3 survivors (6144K)
 Metaspace       used 118610K, committed 119488K, reserved 1179648K
  class space    used 15777K, committed 16192K, reserved 1048576K
}
Event: 29.593 GC heap after
{Heap after GC invocations=60 (full 0):
 garbage-first heap   total 389120K, used 111985K [0x0000000700000000, 0x0000000800000000)
  region size 2048K, 1 young (2048K), 1 survivors (2048K)
 Metaspace       used 118610K, committed 119488K, reserved 1179648K
  class space    used 15777K, committed 16192K, reserved 1048576K
}
Event: 32.397 GC heap before
{Heap before GC invocations=60 (full 0):
 garbage-first heap   total 389120K, used 296305K [0x0000000700000000, 0x0000000800000000)
  region size 2048K, 91 young (186368K), 1 survivors (2048K)
 Metaspace       used 128480K, committed 129472K, reserved 1179648K
  class space    used 17276K, committed 17728K, reserved 1048576K
}
Event: 32.407 GC heap after
{Heap after GC invocations=61 (full 0):
 garbage-first heap   total 389120K, used 124991K [0x0000000700000000, 0x0000000800000000)
  region size 2048K, 7 young (14336K), 7 survivors (14336K)
 Metaspace       used 128480K, committed 129472K, reserved 1179648K
  class space    used 17276K, committed 17728K, reserved 1048576K
}
Event: 82.555 GC heap before
{Heap before GC invocations=61 (full 0):
 garbage-first heap   total 389120K, used 299071K [0x0000000700000000, 0x0000000800000000)
  region size 2048K, 92 young (188416K), 7 survivors (14336K)
 Metaspace       used 140858K, committed 141824K, reserved 1179648K
  class space    used 18860K, committed 19328K, reserved 1048576K
}
Event: 82.643 GC heap after
{Heap after GC invocations=62 (full 0):
 garbage-first heap   total 389120K, used 136809K [0x0000000700000000, 0x0000000800000000)
  region size 2048K, 6 young (12288K), 6 survivors (12288K)
 Metaspace       used 140858K, committed 141824K, reserved 1179648K
  class space    used 18860K, committed 19328K, reserved 1048576K
}

Dll operation events (12 events):
Event: 0.007 Loaded shared library C:\Users\kumar\AppData\Local\Programs\Eclipse Adoptium\jdk-17.0.8.101-hotspot\bin\java.dll
Event: 0.022 Loaded shared library C:\Users\kumar\AppData\Local\Programs\Eclipse Adoptium\jdk-17.0.8.101-hotspot\bin\jsvml.dll
Event: 0.087 Loaded shared library C:\Users\kumar\AppData\Local\Programs\Eclipse Adoptium\jdk-17.0.8.101-hotspot\bin\net.dll
Event: 0.090 Loaded shared library C:\Users\kumar\AppData\Local\Programs\Eclipse Adoptium\jdk-17.0.8.101-hotspot\bin\nio.dll
Event: 0.096 Loaded shared library C:\Users\kumar\AppData\Local\Programs\Eclipse Adoptium\jdk-17.0.8.101-hotspot\bin\zip.dll
Event: 0.290 Loaded shared library C:\Users\kumar\AppData\Local\Programs\Eclipse Adoptium\jdk-17.0.8.101-hotspot\bin\jimage.dll
Event: 0.362 Loaded shared library C:\Users\kumar\AppData\Local\Programs\Eclipse Adoptium\jdk-17.0.8.101-hotspot\bin\verify.dll
Event: 0.520 Loaded shared library C:\Users\kumar\.gradle\native\e1d6ef7f7dcc3fd88c89a11ec53ec762bb8ba0a96d01ffa2cd45eb1d1d8dd5c5\windows-amd64\native-platform.dll
Event: 0.624 Loaded shared library C:\Users\kumar\.gradle\native\0d407fdbe67a94daf76414ababcb853783967236a71b16ec16e742cd7a986fd3\windows-amd64\native-platform-file-events.dll
Event: 1.277 Loaded shared library C:\Users\kumar\AppData\Local\Programs\Eclipse Adoptium\jdk-17.0.8.101-hotspot\bin\management.dll
Event: 1.282 Loaded shared library C:\Users\kumar\AppData\Local\Programs\Eclipse Adoptium\jdk-17.0.8.101-hotspot\bin\management_ext.dll
Event: 1.811 Loaded shared library C:\Users\kumar\AppData\Local\Programs\Eclipse Adoptium\jdk-17.0.8.101-hotspot\bin\sunmscapi.dll

Deoptimization events (20 events):
Event: 84.639 Thread 0x00000283dc5dc080 Uncommon trap: trap_request=0xffffffc6 fr.pc=0x000002838842a2b4 relative=0x0000000000006354
Event: 84.639 Thread 0x00000283dc5dc080 Uncommon trap: reason=bimorphic_or_optimized_type_check action=maybe_recompile pc=0x000002838842a2b4 method=java.io.ObjectOutputStream$BlockDataOutputStream.drain()V @ 36 c2
Event: 84.639 Thread 0x00000283dc5dc080 DEOPT PACKING pc=0x000002838842a2b4 sp=0x00000097954fa0e0
Event: 84.639 Thread 0x00000283dc5dc080 DEOPT UNPACKING pc=0x00000283875869a3 sp=0x00000097954f9e98 mode 2
Event: 84.639 Thread 0x00000283dc5dc080 Uncommon trap: trap_request=0xffffffc6 fr.pc=0x00000283884aa530 relative=0x0000000000000550
Event: 84.639 Thread 0x00000283dc5dc080 Uncommon trap: reason=bimorphic_or_optimized_type_check action=maybe_recompile pc=0x00000283884aa530 method=java.io.ObjectOutputStream$BlockDataOutputStream.drain()V @ 36 c2
Event: 84.639 Thread 0x00000283dc5dc080 DEOPT PACKING pc=0x00000283884aa530 sp=0x00000097954f9dc0
Event: 84.640 Thread 0x00000283dc5dc080 DEOPT UNPACKING pc=0x00000283875869a3 sp=0x00000097954f9da0 mode 2
Event: 84.640 Thread 0x00000283dc5dc080 Uncommon trap: trap_request=0xffffffc6 fr.pc=0x000002838847b3f4 relative=0x0000000000000594
Event: 84.640 Thread 0x00000283dc5dc080 Uncommon trap: reason=bimorphic_or_optimized_type_check action=maybe_recompile pc=0x000002838847b3f4 method=java.io.ObjectOutputStream$BlockDataOutputStream.drain()V @ 36 c2
Event: 84.640 Thread 0x00000283dc5dc080 DEOPT PACKING pc=0x000002838847b3f4 sp=0x00000097954f9a50
Event: 84.640 Thread 0x00000283dc5dc080 DEOPT UNPACKING pc=0x00000283875869a3 sp=0x00000097954f99e8 mode 2
Event: 84.653 Thread 0x00000283dc5dc080 Uncommon trap: trap_request=0xffffffd6 fr.pc=0x00000283884636b8 relative=0x0000000000001638
Event: 84.653 Thread 0x00000283dc5dc080 Uncommon trap: reason=array_check action=maybe_recompile pc=0x00000283884636b8 method=java.util.TimSort.mergeHi(IIII)V @ 101 c2
Event: 84.653 Thread 0x00000283dc5dc080 DEOPT PACKING pc=0x00000283884636b8 sp=0x00000097954f97f0
Event: 84.653 Thread 0x00000283dc5dc080 DEOPT UNPACKING pc=0x00000283875869a3 sp=0x00000097954f9798 mode 2
Event: 84.741 Thread 0x00000283dc5dc080 Uncommon trap: trap_request=0xffffff45 fr.pc=0x00000283884a26d0 relative=0x00000000000009f0
Event: 84.741 Thread 0x00000283dc5dc080 Uncommon trap: reason=unstable_if action=reinterpret pc=0x00000283884a26d0 method=java.util.HashMap.removeNode(ILjava/lang/Object;Ljava/lang/Object;ZZ)Ljava/util/HashMap$Node; @ 133 c2
Event: 84.741 Thread 0x00000283dc5dc080 DEOPT PACKING pc=0x00000283884a26d0 sp=0x00000097954f9e20
Event: 84.741 Thread 0x00000283dc5dc080 DEOPT UNPACKING pc=0x00000283875869a3 sp=0x00000097954f9d38 mode 2

Classes unloaded (20 events):
Event: 5.993 Thread 0x00000283918f8680 Unloading class 0x00000283932f3000 'java/lang/invoke/LambdaForm$DMH+0x00000283932f3000'
Event: 5.993 Thread 0x00000283918f8680 Unloading class 0x00000283932f2000 'java/lang/invoke/LambdaForm$DMH+0x00000283932f2000'
Event: 5.993 Thread 0x00000283918f8680 Unloading class 0x00000283932f2800 'java/lang/invoke/LambdaForm$DMH+0x00000283932f2800'
Event: 5.993 Thread 0x00000283918f8680 Unloading class 0x00000283932f1c00 'java/lang/invoke/LambdaForm$DMH+0x00000283932f1c00'
Event: 5.993 Thread 0x00000283918f8680 Unloading class 0x00000283932f1400 'java/lang/invoke/LambdaForm$DMH+0x00000283932f1400'
Event: 10.153 Thread 0x00000283918f8680 Unloading class 0x000002839358b800 '_BuildScript_'
Event: 10.153 Thread 0x00000283918f8680 Unloading class 0x0000028393589918 '_BuildScript_$_run_closure1$_closure2'
Event: 10.153 Thread 0x00000283918f8680 Unloading class 0x0000028393589530 '_BuildScript_$_run_closure1'
Event: 10.153 Thread 0x00000283918f8680 Unloading class 0x0000028393589000 '_BuildScript_'
Event: 10.153 Thread 0x00000283918f8680 Unloading class 0x0000028393586000 '_BuildScript_$_run_closure1$_closure2'
Event: 10.153 Thread 0x00000283918f8680 Unloading class 0x0000028393585918 '_BuildScript_$_run_closure1'
Event: 10.153 Thread 0x00000283918f8680 Unloading class 0x00000283935853e8 '_BuildScript_'
Event: 10.153 Thread 0x00000283918f8680 Unloading class 0x0000028393585000 'ProtobufPatchPlugin$_apply_closure1$_closure2$_closure3$_closure4'
Event: 10.153 Thread 0x00000283918f8680 Unloading class 0x0000028393584a98 'ProtobufPatchPlugin$_apply_closure1$_closure2$_closure3'
Event: 10.153 Thread 0x00000283918f8680 Unloading class 0x00000283935846b0 'ProtobufPatchPlugin$_apply_closure1$_closure2'
Event: 10.153 Thread 0x00000283918f8680 Unloading class 0x00000283935842c8 'ProtobufPatchPlugin$_apply_closure1'
Event: 10.153 Thread 0x00000283918f8680 Unloading class 0x0000028393584000 'ProtobufPatchPlugin'
Event: 10.153 Thread 0x00000283918f8680 Unloading class 0x00000283934f8918 '_BuildScript_$_run_closure1$_closure2'
Event: 10.153 Thread 0x00000283918f8680 Unloading class 0x00000283934f8530 '_BuildScript_$_run_closure1'
Event: 10.153 Thread 0x00000283918f8680 Unloading class 0x00000283934f8000 '_BuildScript_'

Classes redefined (0 events):
No events

Internal exceptions (20 events):
Event: 83.725 Thread 0x00000283d8100770 Exception <a 'java/lang/ClassNotFoundException'{0x0000000715ff3170}: init_b5mv5s947hqkyu8qm2w0r7pksCustomizer> (0x0000000715ff3170) 
thrown [s\src\hotspot\share\classfile\systemDictionary.cpp, line 256]
Event: 84.218 Thread 0x00000283d8100770 Exception <a 'java/lang/ClassNotFoundException'{0x0000000714ddc6e0}: GradleAnnotationProcessorPatchPluginBeanInfo> (0x0000000714ddc6e0) 
thrown [s\src\hotspot\share\classfile\systemDictionary.cpp, line 256]
Event: 84.218 Thread 0x00000283d8100770 Exception <a 'java/lang/ClassNotFoundException'{0x0000000714de98d0}: GradleAnnotationProcessorPatchPluginCustomizer> (0x0000000714de98d0) 
thrown [s\src\hotspot\share\classfile\systemDictionary.cpp, line 256]
Event: 84.222 Thread 0x00000283d8100770 Exception <a 'java/lang/ClassNotFoundException'{0x0000000714a8c748}: GradleAnnotationProcessorPatchPlugin$AnnotationProcessorModelBuilderBeanInfo> (0x0000000714a8c748) 
thrown [s\src\hotspot\share\classfile\systemDictionary.cpp, line 256]
Event: 84.222 Thread 0x00000283d8100770 Exception <a 'java/lang/ClassNotFoundException'{0x0000000714a99528}: GradleAnnotationProcessorPatchPlugin$AnnotationProcessorModelBuilderCustomizer> (0x0000000714a99528) 
thrown [s\src\hotspot\share\classfile\systemDictionary.cpp, line 256]
Event: 84.229 Thread 0x00000283d8100770 Exception <a 'java/lang/ClassNotFoundException'{0x0000000714b0b5b0}: org/gradle/tooling/provider/model/internal/DefaultToolingModelBuilderRegistryBeanInfo> (0x0000000714b0b5b0) 
thrown [s\src\hotspot\share\classfile\systemDictionary.cpp, line 256]
Event: 84.231 Thread 0x00000283d8100770 Exception <a 'java/lang/ClassNotFoundException'{0x0000000714b252d8}: org/gradle/tooling/provider/model/internal/DefaultToolingModelBuilderRegistryCustomizer> (0x0000000714b252d8) 
thrown [s\src\hotspot\share\classfile\systemDictionary.cpp, line 256]
Event: 84.637 Thread 0x00000283dc5dc080 Exception <a 'java/lang/NoSuchMethodError'{0x00000007140c8a98}: static Lorg/gradle/api/internal/tasks/compile/daemon/DaemonGroovyCompiler$GroovyCompilerParameters;.<clinit>()V> (0x00000007140c8a98) 
thrown [s\src\hotspot\share\prims\jni.cpp, line 1107]
Event: 84.638 Thread 0x00000283dc5dc080 Exception <a 'java/lang/NoSuchMethodError'{0x00000007140cb318}: static Lorg/gradle/api/internal/tasks/compile/daemon/AbstractDaemonCompiler$CompilerParameters;.<clinit>()V> (0x00000007140cb318) 
thrown [s\src\hotspot\share\prims\jni.cpp, line 1107]
Event: 84.639 Thread 0x00000283dc5dc080 Exception <a 'java/lang/NoSuchMethodError'{0x00000007140dfff0}: static Ljava/util/AbstractList;.<clinit>()V> (0x00000007140dfff0) 
thrown [s\src\hotspot\share\prims\jni.cpp, line 1107]
Event: 84.643 Thread 0x00000283dc5dc080 Exception <a 'java/lang/NoSuchMethodError'{0x0000000714114148}: static Lorg/gradle/api/internal/tasks/compile/DefaultGroovyJavaJointCompileSpec;.<clinit>()V> (0x0000000714114148) 
thrown [s\src\hotspot\share\prims\jni.cpp, line 1107]
Event: 84.643 Thread 0x00000283dc5dc080 Exception <a 'java/lang/NoSuchMethodError'{0x00000007141181f8}: static Lorg/gradle/api/internal/tasks/compile/DefaultJavaCompileSpec;.<clinit>()V> (0x00000007141181f8) 
thrown [s\src\hotspot\share\prims\jni.cpp, line 1107]
Event: 84.643 Thread 0x00000283dc5dc080 Exception <a 'java/lang/NoSuchMethodError'{0x000000071411cc60}: static Lorg/gradle/api/internal/tasks/compile/DefaultJvmLanguageCompileSpec;.<clinit>()V> (0x000000071411cc60) 
thrown [s\src\hotspot\share\prims\jni.cpp, line 1107]
Event: 84.653 Thread 0x00000283dc5dc080 Exception <a 'java/lang/NoSuchMethodError'{0x0000000714168488}: static Lorg/gradle/api/internal/tasks/compile/MinimalJavaCompileOptions;.<clinit>()V> (0x0000000714168488) 
thrown [s\src\hotspot\share\prims\jni.cpp, line 1107]
Event: 84.662 Thread 0x00000283dc5dc080 Exception <a 'java/lang/NoSuchMethodError'{0x00000007141cf6a8}: static Lorg/gradle/api/internal/tasks/compile/MinimalJavaCompilerDaemonForkOptions;.<clinit>()V> (0x00000007141cf6a8) 
thrown [s\src\hotspot\share\prims\jni.cpp, line 1107]
Event: 84.662 Thread 0x00000283dc5dc080 Exception <a 'java/lang/NoSuchMethodError'{0x00000007141d1a70}: static Lorg/gradle/api/internal/tasks/compile/MinimalCompilerDaemonForkOptions;.<clinit>()V> (0x00000007141d1a70) 
thrown [s\src\hotspot\share\prims\jni.cpp, line 1107]
Event: 84.664 Thread 0x00000283dc5dc080 Exception <a 'java/lang/NoSuchMethodError'{0x00000007141e7b68}: static Lorg/gradle/api/internal/tasks/compile/MinimalGroovyCompileOptions;.<clinit>()V> (0x00000007141e7b68) 
thrown [s\src\hotspot\share\prims\jni.cpp, line 1107]
Event: 84.671 Thread 0x00000283dc5dc080 Exception <a 'java/lang/NoSuchMethodError'{0x0000000713e0f958}: static Lorg/gradle/api/internal/tasks/compile/MinimalGroovyCompilerDaemonForkOptions;.<clinit>()V> (0x0000000713e0f958) 
thrown [s\src\hotspot\share\prims\jni.cpp, line 1107]
Event: 84.753 Thread 0x00000283dc5dc080 Exception <a 'java/lang/NoSuchMethodError'{0x0000000713b67640}: static Lorg/gradle/process/internal/worker/request/WorkerAction;.<clinit>()V> (0x0000000713b67640) 
thrown [s\src\hotspot\share\prims\jni.cpp, line 1107]
Event: 85.634 Thread 0x00000283dc5de900 Exception <a 'java/lang/NoSuchMethodError'{0x00000007142c88b8}: static Lorg/gradle/internal/build/event/types/DefaultWorkItemDescriptor;.<clinit>()V> (0x00000007142c88b8) 
thrown [s\src\hotspot\share\prims\jni.cpp, line 1107]

VM Operations (20 events):
Event: 81.601 Executing VM operation: HandshakeAllThreads
Event: 81.601 Executing VM operation: HandshakeAllThreads done
Event: 82.553 Executing VM operation: G1CollectForAllocation
Event: 82.644 Executing VM operation: G1CollectForAllocation done
Event: 83.368 Executing VM operation: HandshakeAllThreads
Event: 83.369 Executing VM operation: HandshakeAllThreads done
Event: 83.456 Executing VM operation: ICBufferFull
Event: 83.457 Executing VM operation: ICBufferFull done
Event: 84.161 Executing VM operation: ICBufferFull
Event: 84.161 Executing VM operation: ICBufferFull done
Event: 84.554 Executing VM operation: ICBufferFull
Event: 84.554 Executing VM operation: ICBufferFull done
Event: 84.730 Executing VM operation: HandshakeAllThreads
Event: 84.731 Executing VM operation: HandshakeAllThreads done
Event: 85.625 Executing VM operation: HandshakeAllThreads
Event: 85.625 Executing VM operation: HandshakeAllThreads done
Event: 85.625 Executing VM operation: Cleanup
Event: 85.625 Executing VM operation: Cleanup done
Event: 86.625 Executing VM operation: Cleanup
Event: 86.625 Executing VM operation: Cleanup done

Events (20 events):
Event: 84.480 Thread 0x00000283d82cda70 Thread added: 0x00000283d82cda70
Event: 84.480 Thread 0x00000283d82cdf80 Thread added: 0x00000283d82cdf80
Event: 84.480 Thread 0x00000283d82c98a0 Thread added: 0x00000283d82c98a0
Event: 84.480 Thread 0x00000283dc399060 Thread added: 0x00000283dc399060
Event: 84.481 Thread 0x00000283dc399a80 Thread added: 0x00000283dc399a80
Event: 84.481 Thread 0x00000283dc39a4a0 Thread added: 0x00000283dc39a4a0
Event: 84.481 Thread 0x00000283dc3a09e0 Thread added: 0x00000283dc3a09e0
Event: 84.481 Thread 0x00000283dc39b3d0 Thread added: 0x00000283dc39b3d0
Event: 84.658 Thread 0x00000283e9c61020 Thread exited: 0x00000283e9c61020
Event: 84.725 Thread 0x00000283dc39b8e0 Thread added: 0x00000283dc39b8e0
Event: 84.769 Thread 0x00000283dc39bdf0 Thread added: 0x00000283dc39bdf0
Event: 84.769 Thread 0x00000283dc39e160 Thread added: 0x00000283dc39e160
Event: 85.106 Thread 0x00000283dc39bdf0 Thread exited: 0x00000283dc39bdf0
Event: 85.605 Thread 0x00000283dc39bdf0 Thread added: 0x00000283dc39bdf0
Event: 85.607 Thread 0x00000283dc39c300 Thread added: 0x00000283dc39c300
Event: 85.607 loading class java/nio/channels/AsynchronousCloseException
Event: 85.607 Thread 0x00000283d9351750 Thread added: 0x00000283d9351750
Event: 85.607 loading class java/nio/channels/AsynchronousCloseException done
Event: 85.629 Thread 0x00000283d934dfa0 Thread added: 0x00000283d934dfa0
Event: 85.630 Thread 0x00000283d9350310 Thread added: 0x00000283d9350310


Dynamic libraries:
0x00007ff773b00000 - 0x00007ff773b0e000 	C:\Users\kumar\AppData\Local\Programs\Eclipse Adoptium\jdk-17.0.8.101-hotspot\bin\java.exe
0x00007ffa56090000 - 0x00007ffa562a7000 	C:\WINDOWS\SYSTEM32\ntdll.dll
0x00007ffa53fc0000 - 0x00007ffa54084000 	C:\WINDOWS\System32\KERNEL32.DLL
0x00007ffa53820000 - 0x00007ffa53bc6000 	C:\WINDOWS\System32\KERNELBASE.dll
0x00007ffa535e0000 - 0x00007ffa536f1000 	C:\WINDOWS\System32\ucrtbase.dll
0x00007ffa2c990000 - 0x00007ffa2c9a7000 	C:\Users\kumar\AppData\Local\Programs\Eclipse Adoptium\jdk-17.0.8.101-hotspot\bin\jli.dll
0x00007ffa2c700000 - 0x00007ffa2c719000 	C:\Users\kumar\AppData\Local\Programs\Eclipse Adoptium\jdk-17.0.8.101-hotspot\bin\VCRUNTIME140.dll
0x00007ffa54b80000 - 0x00007ffa54d2e000 	C:\WINDOWS\System32\USER32.dll
0x00007ffa53c50000 - 0x00007ffa53c76000 	C:\WINDOWS\System32\win32u.dll
0x00007ffa35f60000 - 0x00007ffa361f3000 	C:\WINDOWS\WinSxS\amd64_microsoft.windows.common-controls_6595b64144ccf1df_6.0.22621.2506_none_270c5ae97388e100\COMCTL32.dll
0x00007ffa54ad0000 - 0x00007ffa54af9000 	C:\WINDOWS\System32\GDI32.dll
0x00007ffa55f90000 - 0x00007ffa56037000 	C:\WINDOWS\System32\msvcrt.dll
0x00007ffa53700000 - 0x00007ffa53818000 	C:\WINDOWS\System32\gdi32full.dll
0x00007ffa53d40000 - 0x00007ffa53dda000 	C:\WINDOWS\System32\msvcp_win.dll
0x00007ffa55af0000 - 0x00007ffa55b21000 	C:\WINDOWS\System32\IMM32.DLL
0x00007ffa4e470000 - 0x00007ffa4e47c000 	C:\Users\kumar\AppData\Local\Programs\Eclipse Adoptium\jdk-17.0.8.101-hotspot\bin\vcruntime140_1.dll
0x00007ffa1b0d0000 - 0x00007ffa1b161000 	C:\Users\kumar\AppData\Local\Programs\Eclipse Adoptium\jdk-17.0.8.101-hotspot\bin\msvcp140.dll
0x00007ffa0ac10000 - 0x00007ffa0b85c000 	C:\Users\kumar\AppData\Local\Programs\Eclipse Adoptium\jdk-17.0.8.101-hotspot\bin\server\jvm.dll
0x00007ffa55e50000 - 0x00007ffa55f03000 	C:\WINDOWS\System32\ADVAPI32.dll
0x00007ffa55d10000 - 0x00007ffa55db8000 	C:\WINDOWS\System32\sechost.dll
0x00007ffa53440000 - 0x00007ffa53468000 	C:\WINDOWS\System32\bcrypt.dll
0x00007ffa53de0000 - 0x00007ffa53ef7000 	C:\WINDOWS\System32\RPCRT4.dll
0x00007ffa35ea0000 - 0x00007ffa35ea9000 	C:\WINDOWS\SYSTEM32\WSOCK32.dll
0x00007ffa4b8c0000 - 0x00007ffa4b8f4000 	C:\WINDOWS\SYSTEM32\WINMM.dll
0x00007ffa55f10000 - 0x00007ffa55f81000 	C:\WINDOWS\System32\WS2_32.dll
0x00007ffa530f0000 - 0x00007ffa5313d000 	C:\WINDOWS\SYSTEM32\POWRPROF.dll
0x00007ffa4a290000 - 0x00007ffa4a29a000 	C:\WINDOWS\SYSTEM32\VERSION.dll
0x00007ffa530d0000 - 0x00007ffa530e3000 	C:\WINDOWS\SYSTEM32\UMPDC.dll
0x00007ffa52410000 - 0x00007ffa52428000 	C:\WINDOWS\SYSTEM32\kernel.appcore.dll
0x00007ffa40920000 - 0x00007ffa4092a000 	C:\Users\kumar\AppData\Local\Programs\Eclipse Adoptium\jdk-17.0.8.101-hotspot\bin\jimage.dll
0x00007ffa50f60000 - 0x00007ffa51193000 	C:\WINDOWS\SYSTEM32\DBGHELP.DLL
0x00007ffa55510000 - 0x00007ffa55899000 	C:\WINDOWS\System32\combase.dll
0x00007ffa55c30000 - 0x00007ffa55d07000 	C:\WINDOWS\System32\OLEAUT32.dll
0x00007ffa3df90000 - 0x00007ffa3dfc2000 	C:\WINDOWS\SYSTEM32\dbgcore.DLL
0x00007ffa53bd0000 - 0x00007ffa53c4a000 	C:\WINDOWS\System32\bcryptPrimitives.dll
0x00007ffa2c450000 - 0x00007ffa2c475000 	C:\Users\kumar\AppData\Local\Programs\Eclipse Adoptium\jdk-17.0.8.101-hotspot\bin\java.dll
0x00007ffa1aff0000 - 0x00007ffa1b0c6000 	C:\Users\kumar\AppData\Local\Programs\Eclipse Adoptium\jdk-17.0.8.101-hotspot\bin\jsvml.dll
0x00007ffa540b0000 - 0x00007ffa5490b000 	C:\WINDOWS\System32\SHELL32.dll
0x00007ffa51330000 - 0x00007ffa51c26000 	C:\WINDOWS\SYSTEM32\windows.storage.dll
0x00007ffa511f0000 - 0x00007ffa5132e000 	C:\WINDOWS\SYSTEM32\wintypes.dll
0x00007ffa55b30000 - 0x00007ffa55c23000 	C:\WINDOWS\System32\SHCORE.dll
0x00007ffa554b0000 - 0x00007ffa5550e000 	C:\WINDOWS\System32\shlwapi.dll
0x00007ffa53300000 - 0x00007ffa53326000 	C:\WINDOWS\SYSTEM32\profapi.dll
0x00007ffa2c430000 - 0x00007ffa2c449000 	C:\Users\kumar\AppData\Local\Programs\Eclipse Adoptium\jdk-17.0.8.101-hotspot\bin\net.dll
0x00007ffa4c3d0000 - 0x00007ffa4c507000 	C:\WINDOWS\SYSTEM32\WINHTTP.dll
0x00007ffa52890000 - 0x00007ffa528f9000 	C:\WINDOWS\system32\mswsock.dll
0x00007ffa2c410000 - 0x00007ffa2c425000 	C:\Users\kumar\AppData\Local\Programs\Eclipse Adoptium\jdk-17.0.8.101-hotspot\bin\nio.dll
0x00007ffa2c3f0000 - 0x00007ffa2c408000 	C:\Users\kumar\AppData\Local\Programs\Eclipse Adoptium\jdk-17.0.8.101-hotspot\bin\zip.dll
0x00007ffa32720000 - 0x00007ffa32730000 	C:\Users\kumar\AppData\Local\Programs\Eclipse Adoptium\jdk-17.0.8.101-hotspot\bin\verify.dll
0x00007ffa250c0000 - 0x00007ffa250e7000 	C:\Users\kumar\.gradle\native\e1d6ef7f7dcc3fd88c89a11ec53ec762bb8ba0a96d01ffa2cd45eb1d1d8dd5c5\windows-amd64\native-platform.dll
0x00007ff9bb7a0000 - 0x00007ff9bb8e4000 	C:\Users\kumar\.gradle\native\0d407fdbe67a94daf76414ababcb853783967236a71b16ec16e742cd7a986fd3\windows-amd64\native-platform-file-events.dll
0x00007ffa32250000 - 0x00007ffa32259000 	C:\Users\kumar\AppData\Local\Programs\Eclipse Adoptium\jdk-17.0.8.101-hotspot\bin\management.dll
0x00007ffa31bd0000 - 0x00007ffa31bdb000 	C:\Users\kumar\AppData\Local\Programs\Eclipse Adoptium\jdk-17.0.8.101-hotspot\bin\management_ext.dll
0x00007ffa56040000 - 0x00007ffa56048000 	C:\WINDOWS\System32\PSAPI.DLL
0x00007ffa52ae0000 - 0x00007ffa52afb000 	C:\WINDOWS\SYSTEM32\CRYPTSP.dll
0x00007ffa52370000 - 0x00007ffa523a5000 	C:\WINDOWS\system32\rsaenh.dll
0x00007ffa52980000 - 0x00007ffa529ac000 	C:\WINDOWS\SYSTEM32\USERENV.dll
0x00007ffa52b00000 - 0x00007ffa52b0c000 	C:\WINDOWS\SYSTEM32\CRYPTBASE.dll
0x00007ffa51e90000 - 0x00007ffa51ebd000 	C:\WINDOWS\SYSTEM32\IPHLPAPI.DLL
0x00007ffa55960000 - 0x00007ffa55969000 	C:\WINDOWS\System32\NSI.dll
0x00007ffa4c100000 - 0x00007ffa4c119000 	C:\WINDOWS\SYSTEM32\dhcpcsvc6.DLL
0x00007ffa4c0e0000 - 0x00007ffa4c0ff000 	C:\WINDOWS\SYSTEM32\dhcpcsvc.DLL
0x00007ffa51f00000 - 0x00007ffa51ff9000 	C:\WINDOWS\SYSTEM32\DNSAPI.dll
0x00007ffa315c0000 - 0x00007ffa315ce000 	C:\Users\kumar\AppData\Local\Programs\Eclipse Adoptium\jdk-17.0.8.101-hotspot\bin\sunmscapi.dll
0x00007ffa53470000 - 0x00007ffa535d6000 	C:\WINDOWS\System32\CRYPT32.dll
0x00007ffa52d10000 - 0x00007ffa52d3e000 	C:\WINDOWS\SYSTEM32\ncrypt.dll
0x00007ffa52c60000 - 0x00007ffa52c97000 	C:\WINDOWS\SYSTEM32\NTASN1.dll
0x00007ffa41cc0000 - 0x00007ffa41cc8000 	C:\WINDOWS\system32\wshunix.dll
0x00007ffa52430000 - 0x00007ffa52464000 	C:\WINDOWS\SYSTEM32\ntmarta.dll
0x00007ffa44700000 - 0x00007ffa4470a000 	C:\Windows\System32\rasadhlp.dll
0x00007ffa4ac20000 - 0x00007ffa4aca3000 	C:\WINDOWS\System32\fwpuclnt.dll

dbghelp: loaded successfully - version: 4.0.5 - missing functions: none
symbol engine: initialized successfully - sym options: 0x614 - pdb path: .;C:\Users\kumar\AppData\Local\Programs\Eclipse Adoptium\jdk-17.0.8.101-hotspot\bin;C:\WINDOWS\SYSTEM32;C:\WINDOWS\WinSxS\amd64_microsoft.windows.common-controls_6595b64144ccf1df_6.0.22621.2506_none_270c5ae97388e100;C:\Users\kumar\AppData\Local\Programs\Eclipse Adoptium\jdk-17.0.8.101-hotspot\bin\server;C:\Users\kumar\.gradle\native\e1d6ef7f7dcc3fd88c89a11ec53ec762bb8ba0a96d01ffa2cd45eb1d1d8dd5c5\windows-amd64;C:\Users\kumar\.gradle\native\0d407fdbe67a94daf76414ababcb853783967236a71b16ec16e742cd7a986fd3\windows-amd64

VM Arguments:
jvm_args: --add-opens=java.base/java.util=ALL-UNNAMED --add-opens=java.base/java.lang=ALL-UNNAMED --add-opens=java.base/java.lang.invoke=ALL-UNNAMED --add-opens=java.base/java.util=ALL-UNNAMED --add-opens=java.prefs/java.util.prefs=ALL-UNNAMED --add-opens=java.prefs/java.util.prefs=ALL-UNNAMED --add-opens=java.base/java.nio.charset=ALL-UNNAMED --add-opens=java.base/java.net=ALL-UNNAMED --add-opens=java.base/java.util.concurrent.atomic=ALL-UNNAMED -Xmx4G -Dfile.encoding=utf8 -Duser.country=US -Duser.language=en -Duser.variant 
java_command: org.gradle.launcher.daemon.bootstrap.GradleDaemon 7.5
java_class_path (initial): C:\Users\kumar\.gradle\wrapper\dists\gradle-7.5-all\6qsw290k5lz422uaf8jf6m7co\gradle-7.5\lib\gradle-launcher-7.5.jar
Launcher Type: SUN_STANDARD

[Global flags]
     intx CICompilerCount                          = 4                                         {product} {ergonomic}
     uint ConcGCThreads                            = 3                                         {product} {ergonomic}
     uint G1ConcRefinementThreads                  = 10                                        {product} {ergonomic}
   size_t G1HeapRegionSize                         = 2097152                                   {product} {ergonomic}
    uintx GCDrainStackTargetSize                   = 64                                        {product} {ergonomic}
   size_t InitialHeapSize                          = 98566144                                  {product} {ergonomic}
   size_t MarkStackSize                            = 4194304                                   {product} {ergonomic}
   size_t MaxHeapSize                              = 4294967296                                {product} {command line}
   size_t MaxNewSize                               = 2575302656                                {product} {ergonomic}
   size_t MinHeapDeltaBytes                        = 2097152                                   {product} {ergonomic}
   size_t MinHeapSize                              = 8388608                                   {product} {ergonomic}
    uintx NonNMethodCodeHeapSize                   = 5839372                                {pd product} {ergonomic}
    uintx NonProfiledCodeHeapSize                  = 122909434                              {pd product} {ergonomic}
    uintx ProfiledCodeHeapSize                     = 122909434                              {pd product} {ergonomic}
    uintx ReservedCodeCacheSize                    = 251658240                              {pd product} {ergonomic}
     bool SegmentedCodeCache                       = true                                      {product} {ergonomic}
   size_t SoftMaxHeapSize                          = 4294967296                             {manageable} {ergonomic}
     bool UseCompressedClassPointers               = true                           {product lp64_product} {ergonomic}
     bool UseCompressedOops                        = true                           {product lp64_product} {ergonomic}
     bool UseG1GC                                  = true                                      {product} {ergonomic}
     bool UseLargePagesIndividualAllocation        = false                                  {pd product} {ergonomic}

Logging:
Log output configuration:
 #0: stdout all=warning uptime,level,tags
 #1: stderr all=off uptime,level,tags

Environment Variables:
JAVA_HOME=C:\Program Files\Java\jdk-21
PATH=C:\Program Files\Common Files\Oracle\Java\javapath;C:\WINDOWS\system32;C:\WINDOWS;C:\WINDOWS\System32\Wbem;C:\WINDOWS\System32\WindowsPowerShell\v1.0\;C:\WINDOWS\System32\OpenSSH\;C:\Program Files\Git\cmd;C:\Program Files\Java\jdk-21\bin;C:\Users\kumar\AppData\Local\Programs\Eclipse Adoptium\jdk-17.0.8.101-hotspot\bin;C:\Users\kumar\AppData\Local\Microsoft\WindowsApps;C:\Users\kumar\AppData\Local\Programs\Microsoft VS Code\bin;C:\Users\kumar\Downloads\Compressed\jdk-21_windows-x64_bin\jdk-21\bin;C:\src\flutter\bin;
USERNAME=kumar
OS=Windows_NT
PROCESSOR_IDENTIFIER=AMD64 Family 23 Model 104 Stepping 1, AuthenticAMD
TMP=C:\Users\kumar\AppData\Local\Temp
TEMP=C:\Users\kumar\AppData\Local\Temp



---------------  S Y S T E M  ---------------

OS:
 Windows 11 , 64 bit Build 22621 (10.0.22621.3085)
OS uptime: 0 days 18:50 hours

CPU: total 12 (initial active 12) (12 cores per cpu, 2 threads per core) family 23 model 104 stepping 1 microcode 0x0, cx8, cmov, fxsr, ht, mmx, 3dnowpref, sse, sse2, sse3, ssse3, sse4a, sse4.1, sse4.2, popcnt, lzcnt, tsc, tscinvbit, avx, avx2, aes, clmul, bmi1, bmi2, adx, sha, fma, vzeroupper, clflush, clflushopt
Processor Information for all 12 processors :
  Max Mhz: 2100, Current Mhz: 2100, Mhz Limit: 2100

Memory: 4k page, system-wide physical 5989M (369M free)
TotalPageFile size 14181M (AvailPageFile size 0M)
current process WorkingSet (physical memory assigned to process): 360M, peak: 578M
current process commit charge ("private bytes"): 764M, peak: 787M

vm_info: OpenJDK 64-Bit Server VM (17.0.8.1+1) for windows-amd64 JRE (17.0.8.1+1), built on Aug 23 2023 15:29:17 by "admin" with MS VC++ 16.7 (VS2019)

END.
