#
# There is insufficient memory for the Java Runtime Environment to continue.
# Native memory allocation (malloc) failed to allocate 169328 bytes for Chunk::new
# Possible reasons:
#   The system is out of physical RAM or swap space
#   The process is running with CompressedOops enabled, and the Java Heap may be blocking the growth of the native heap
# Possible solutions:
#   Reduce memory load on the system
#   Increase physical memory or swap space
#   Check if swap backing store is full
#   Decrease Java heap size (-Xmx/-Xms)
#   Decrease number of Java threads
#   Decrease Java thread stack sizes (-Xss)
#   Set larger code cache with -XX:ReservedCodeCacheSize=
#   JVM is running with Unscaled Compressed Oops mode in which the Java heap is
#     placed in the first 4GB address space. The Java Heap base address is the
#     maximum limit for the native heap growth. Please use -XX:HeapBaseMinAddress
#     to set the Java Heap base and to place the Java Heap above 4GB virtual address.
# This output file may be truncated or incomplete.
#
#  Out of Memory Error (arena.cpp:168), pid=14584, tid=12428
#
# JRE version: Java(TM) SE Runtime Environment (21.0.2+13) (build 21.0.2+13-LTS-58)
# Java VM: Java HotSpot(TM) 64-Bit Server VM (21.0.2+13-LTS-58, mixed mode, sharing, tiered, compressed oops, compressed class ptrs, g1 gc, windows-amd64)
# No core dump will be written. Minidumps are not enabled by default on client versions of Windows
#

---------------  S U M M A R Y ------------

Command Line: -Dfile.encoding=utf8 c:\Users\kumar\.vscode\extensions\vscjava.vscode-gradle-3.13.5\lib\gradle-language-server.jar

Host: AMD Ryzen 5 5500U with Radeon Graphics         , 12 cores, 5G,  Windows 11 , 64 bit Build 22621 (10.0.22621.3085)
Time: Fri Feb  9 15:08:30 2024 India Standard Time elapsed time: 1.665109 seconds (0d 0h 0m 1s)

---------------  T H R E A D  ---------------

Current thread (0x000002781b61c320):  JavaThread "C2 CompilerThread0" daemon [_thread_in_native, id=12428, stack(0x0000007beed00000,0x0000007beee00000) (1024K)]


Current CompileTask:
C2:   1665 1019       4       java.util.HashMap::put (13 bytes)

Stack: [0x0000007beed00000,0x0000007beee00000]
Native frames: (J=compiled Java code, j=interpreted, Vv=VM code, C=native code)
V  [jvm.dll+0x6cade9]
V  [jvm.dll+0x8569c1]
V  [jvm.dll+0x858d2e]
V  [jvm.dll+0x859413]
V  [jvm.dll+0x280e56]
V  [jvm.dll+0xc3f3d]
V  [jvm.dll+0xc4473]
V  [jvm.dll+0x3b5c2c]
V  [jvm.dll+0x382855]
V  [jvm.dll+0x381cca]
V  [jvm.dll+0x249bd0]
V  [jvm.dll+0x2491b1]
V  [jvm.dll+0x1c9634]
V  [jvm.dll+0x258859]
V  [jvm.dll+0x256e3a]
V  [jvm.dll+0x3ef6c6]
V  [jvm.dll+0x7ff568]
V  [jvm.dll+0x6c953d]
C  [ucrtbase.dll+0x29363]
C  [KERNEL32.DLL+0x1257d]
C  [ntdll.dll+0x5aa58]


---------------  P R O C E S S  ---------------

Threads class SMR info:
_java_thread_list=0x0000027861524360, length=12, elements={
0x000002781b613100, 0x000002781b6141d0, 0x000002781b616150, 0x000002781b618cc0,
0x000002781b619720, 0x000002781b61b590, 0x000002781b61c320, 0x000002781b61dcd0,
0x000002781b806200, 0x000002781b819f50, 0x0000027861423bb0, 0x000002787cfe9ba0
}

Java Threads: ( => current thread )
  0x000002781b613100 JavaThread "Reference Handler"          daemon [_thread_blocked, id=15252, stack(0x0000007bee700000,0x0000007bee800000) (1024K)]
  0x000002781b6141d0 JavaThread "Finalizer"                  daemon [_thread_blocked, id=23380, stack(0x0000007bee800000,0x0000007bee900000) (1024K)]
  0x000002781b616150 JavaThread "Signal Dispatcher"          daemon [_thread_blocked, id=21228, stack(0x0000007bee900000,0x0000007beea00000) (1024K)]
  0x000002781b618cc0 JavaThread "Attach Listener"            daemon [_thread_blocked, id=21296, stack(0x0000007beea00000,0x0000007beeb00000) (1024K)]
  0x000002781b619720 JavaThread "Service Thread"             daemon [_thread_blocked, id=2612, stack(0x0000007beeb00000,0x0000007beec00000) (1024K)]
  0x000002781b61b590 JavaThread "Monitor Deflation Thread"   daemon [_thread_blocked, id=12464, stack(0x0000007beec00000,0x0000007beed00000) (1024K)]
=>0x000002781b61c320 JavaThread "C2 CompilerThread0"         daemon [_thread_in_native, id=12428, stack(0x0000007beed00000,0x0000007beee00000) (1024K)]
  0x000002781b61dcd0 JavaThread "C1 CompilerThread0"         daemon [_thread_blocked, id=15372, stack(0x0000007beee00000,0x0000007beef00000) (1024K)]
  0x000002781b806200 JavaThread "Notification Thread"        daemon [_thread_blocked, id=17464, stack(0x0000007beef00000,0x0000007bef000000) (1024K)]
  0x000002781b819f50 JavaThread "Common-Cleaner"             daemon [_thread_blocked, id=10688, stack(0x0000007bef000000,0x0000007bef100000) (1024K)]
  0x0000027861423bb0 JavaThread "pool-1-thread-1"                   [_thread_in_vm, id=9584, stack(0x0000007bef100000,0x0000007bef200000) (1024K)]
  0x000002787cfe9ba0 JavaThread "DestroyJavaVM"                     [_thread_blocked, id=20076, stack(0x0000007bedf00000,0x0000007bee000000) (1024K)]
Total: 12

Other Threads:
  0x000002781b5f7fe0 VMThread "VM Thread"                           [id=11044, stack(0x0000007bee600000,0x0000007bee700000) (1024K)]
  0x000002781b5de8a0 WatcherThread "VM Periodic Task Thread"        [id=17336, stack(0x0000007bee500000,0x0000007bee600000) (1024K)]
  0x000002787d35c980 WorkerThread "GC Thread#0"                     [id=3524, stack(0x0000007bee000000,0x0000007bee100000) (1024K)]
  0x000002787d369650 ConcurrentGCThread "G1 Main Marker"            [id=1116, stack(0x0000007bee100000,0x0000007bee200000) (1024K)]
  0x000002787d36ab10 WorkerThread "G1 Conc#0"                       [id=21020, stack(0x0000007bee200000,0x0000007bee300000) (1024K)]
  0x000002787d3ddc80 ConcurrentGCThread "G1 Refine#0"               [id=17812, stack(0x0000007bee300000,0x0000007bee400000) (1024K)]
  0x000002787d3de7f0 ConcurrentGCThread "G1 Service"                [id=17388, stack(0x0000007bee400000,0x0000007bee500000) (1024K)]
Total: 7

Threads with active compile tasks:
C2 CompilerThread0     1700 1019       4       java.util.HashMap::put (13 bytes)
Total: 1

VM state: not at safepoint (normal execution)

VM Mutex/Monitor currently owned by a thread: None

Heap address: 0x00000000a2600000, size: 1498 MB, Compressed Oops mode: 32-bit

CDS archive(s) mapped at: [0x000002781c000000-0x000002781cc90000-0x000002781cc90000), size 13172736, SharedBaseAddress: 0x000002781c000000, ArchiveRelocationMode: 1.
Compressed class space mapped at: 0x000002781d000000-0x000002785d000000, reserved size: 1073741824
Narrow klass base: 0x000002781c000000, Narrow klass shift: 0, Narrow klass range: 0x100000000

GC Precious Log:
 CardTable entry size: 512
 Card Set container configuration: InlinePtr #cards 5 size 8 Array Of Cards #cards 12 size 40 Howl #buckets 4 coarsen threshold 1843 Howl Bitmap #cards 512 size 80 coarsen threshold 460 Card regions per heap region 1 cards per card region 2048
 CPUs: 12 total, 12 available
 Memory: 5989M
 Large Page Support: Disabled
 NUMA Support: Disabled
 Compressed Oops: Enabled (32-bit)
 Heap Region Size: 1M
 Heap Min Capacity: 8M
 Heap Initial Capacity: 94M
 Heap Max Capacity: 1498M
 Pre-touch: Disabled
 Parallel Workers: 10
 Concurrent Workers: 3
 Concurrent Refinement Workers: 10
 Periodic GC: Disabled

Heap:
 garbage-first heap   total 96256K, used 16384K [0x00000000a2600000, 0x0000000100000000)
  region size 1024K, 17 young (17408K), 0 survivors (0K)
 Metaspace       used 6091K, committed 6208K, reserved 1114112K
  class space    used 665K, committed 704K, reserved 1048576K

Heap Regions: E=young(eden), S=young(survivor), O=old, HS=humongous(starts), HC=humongous(continues), CS=collection set, F=free, TAMS=top-at-mark-start, PB=parsable bottom
|   0|0x00000000a2600000, 0x00000000a2700000, 0x00000000a2700000|100%|HS|  |TAMS 0x00000000a2600000| PB 0x00000000a2600000| Complete 
|   1|0x00000000a2700000, 0x00000000a2700000, 0x00000000a2800000|  0%| F|  |TAMS 0x00000000a2700000| PB 0x00000000a2700000| Untracked 
|   2|0x00000000a2800000, 0x00000000a2800000, 0x00000000a2900000|  0%| F|  |TAMS 0x00000000a2800000| PB 0x00000000a2800000| Untracked 
|   3|0x00000000a2900000, 0x00000000a2900000, 0x00000000a2a00000|  0%| F|  |TAMS 0x00000000a2900000| PB 0x00000000a2900000| Untracked 
|   4|0x00000000a2a00000, 0x00000000a2a00000, 0x00000000a2b00000|  0%| F|  |TAMS 0x00000000a2a00000| PB 0x00000000a2a00000| Untracked 
|   5|0x00000000a2b00000, 0x00000000a2b00000, 0x00000000a2c00000|  0%| F|  |TAMS 0x00000000a2b00000| PB 0x00000000a2b00000| Untracked 
|   6|0x00000000a2c00000, 0x00000000a2c00000, 0x00000000a2d00000|  0%| F|  |TAMS 0x00000000a2c00000| PB 0x00000000a2c00000| Untracked 
|   7|0x00000000a2d00000, 0x00000000a2d00000, 0x00000000a2e00000|  0%| F|  |TAMS 0x00000000a2d00000| PB 0x00000000a2d00000| Untracked 
|   8|0x00000000a2e00000, 0x00000000a2e00000, 0x00000000a2f00000|  0%| F|  |TAMS 0x00000000a2e00000| PB 0x00000000a2e00000| Untracked 
|   9|0x00000000a2f00000, 0x00000000a2f00000, 0x00000000a3000000|  0%| F|  |TAMS 0x00000000a2f00000| PB 0x00000000a2f00000| Untracked 
|  10|0x00000000a3000000, 0x00000000a3000000, 0x00000000a3100000|  0%| F|  |TAMS 0x00000000a3000000| PB 0x00000000a3000000| Untracked 
|  11|0x00000000a3100000, 0x00000000a3100000, 0x00000000a3200000|  0%| F|  |TAMS 0x00000000a3100000| PB 0x00000000a3100000| Untracked 
|  12|0x00000000a3200000, 0x00000000a3200000, 0x00000000a3300000|  0%| F|  |TAMS 0x00000000a3200000| PB 0x00000000a3200000| Untracked 
|  13|0x00000000a3300000, 0x00000000a3300000, 0x00000000a3400000|  0%| F|  |TAMS 0x00000000a3300000| PB 0x00000000a3300000| Untracked 
|  14|0x00000000a3400000, 0x00000000a3400000, 0x00000000a3500000|  0%| F|  |TAMS 0x00000000a3400000| PB 0x00000000a3400000| Untracked 
|  15|0x00000000a3500000, 0x00000000a3500000, 0x00000000a3600000|  0%| F|  |TAMS 0x00000000a3500000| PB 0x00000000a3500000| Untracked 
|  16|0x00000000a3600000, 0x00000000a3600000, 0x00000000a3700000|  0%| F|  |TAMS 0x00000000a3600000| PB 0x00000000a3600000| Untracked 
|  17|0x00000000a3700000, 0x00000000a3700000, 0x00000000a3800000|  0%| F|  |TAMS 0x00000000a3700000| PB 0x00000000a3700000| Untracked 
|  18|0x00000000a3800000, 0x00000000a3800000, 0x00000000a3900000|  0%| F|  |TAMS 0x00000000a3800000| PB 0x00000000a3800000| Untracked 
|  19|0x00000000a3900000, 0x00000000a3900000, 0x00000000a3a00000|  0%| F|  |TAMS 0x00000000a3900000| PB 0x00000000a3900000| Untracked 
|  20|0x00000000a3a00000, 0x00000000a3a00000, 0x00000000a3b00000|  0%| F|  |TAMS 0x00000000a3a00000| PB 0x00000000a3a00000| Untracked 
|  21|0x00000000a3b00000, 0x00000000a3b00000, 0x00000000a3c00000|  0%| F|  |TAMS 0x00000000a3b00000| PB 0x00000000a3b00000| Untracked 
|  22|0x00000000a3c00000, 0x00000000a3c00000, 0x00000000a3d00000|  0%| F|  |TAMS 0x00000000a3c00000| PB 0x00000000a3c00000| Untracked 
|  23|0x00000000a3d00000, 0x00000000a3d00000, 0x00000000a3e00000|  0%| F|  |TAMS 0x00000000a3d00000| PB 0x00000000a3d00000| Untracked 
|  24|0x00000000a3e00000, 0x00000000a3e00000, 0x00000000a3f00000|  0%| F|  |TAMS 0x00000000a3e00000| PB 0x00000000a3e00000| Untracked 
|  25|0x00000000a3f00000, 0x00000000a3f00000, 0x00000000a4000000|  0%| F|  |TAMS 0x00000000a3f00000| PB 0x00000000a3f00000| Untracked 
|  26|0x00000000a4000000, 0x00000000a4000000, 0x00000000a4100000|  0%| F|  |TAMS 0x00000000a4000000| PB 0x00000000a4000000| Untracked 
|  27|0x00000000a4100000, 0x00000000a4100000, 0x00000000a4200000|  0%| F|  |TAMS 0x00000000a4100000| PB 0x00000000a4100000| Untracked 
|  28|0x00000000a4200000, 0x00000000a4200000, 0x00000000a4300000|  0%| F|  |TAMS 0x00000000a4200000| PB 0x00000000a4200000| Untracked 
|  29|0x00000000a4300000, 0x00000000a4300000, 0x00000000a4400000|  0%| F|  |TAMS 0x00000000a4300000| PB 0x00000000a4300000| Untracked 
|  30|0x00000000a4400000, 0x00000000a4400000, 0x00000000a4500000|  0%| F|  |TAMS 0x00000000a4400000| PB 0x00000000a4400000| Untracked 
|  31|0x00000000a4500000, 0x00000000a4500000, 0x00000000a4600000|  0%| F|  |TAMS 0x00000000a4500000| PB 0x00000000a4500000| Untracked 
|  32|0x00000000a4600000, 0x00000000a4600000, 0x00000000a4700000|  0%| F|  |TAMS 0x00000000a4600000| PB 0x00000000a4600000| Untracked 
|  33|0x00000000a4700000, 0x00000000a4700000, 0x00000000a4800000|  0%| F|  |TAMS 0x00000000a4700000| PB 0x00000000a4700000| Untracked 
|  34|0x00000000a4800000, 0x00000000a4800000, 0x00000000a4900000|  0%| F|  |TAMS 0x00000000a4800000| PB 0x00000000a4800000| Untracked 
|  35|0x00000000a4900000, 0x00000000a4900000, 0x00000000a4a00000|  0%| F|  |TAMS 0x00000000a4900000| PB 0x00000000a4900000| Untracked 
|  36|0x00000000a4a00000, 0x00000000a4a00000, 0x00000000a4b00000|  0%| F|  |TAMS 0x00000000a4a00000| PB 0x00000000a4a00000| Untracked 
|  37|0x00000000a4b00000, 0x00000000a4b00000, 0x00000000a4c00000|  0%| F|  |TAMS 0x00000000a4b00000| PB 0x00000000a4b00000| Untracked 
|  38|0x00000000a4c00000, 0x00000000a4c00000, 0x00000000a4d00000|  0%| F|  |TAMS 0x00000000a4c00000| PB 0x00000000a4c00000| Untracked 
|  39|0x00000000a4d00000, 0x00000000a4d00000, 0x00000000a4e00000|  0%| F|  |TAMS 0x00000000a4d00000| PB 0x00000000a4d00000| Untracked 
|  40|0x00000000a4e00000, 0x00000000a4e00000, 0x00000000a4f00000|  0%| F|  |TAMS 0x00000000a4e00000| PB 0x00000000a4e00000| Untracked 
|  41|0x00000000a4f00000, 0x00000000a4f00000, 0x00000000a5000000|  0%| F|  |TAMS 0x00000000a4f00000| PB 0x00000000a4f00000| Untracked 
|  42|0x00000000a5000000, 0x00000000a5000000, 0x00000000a5100000|  0%| F|  |TAMS 0x00000000a5000000| PB 0x00000000a5000000| Untracked 
|  43|0x00000000a5100000, 0x00000000a5100000, 0x00000000a5200000|  0%| F|  |TAMS 0x00000000a5100000| PB 0x00000000a5100000| Untracked 
|  44|0x00000000a5200000, 0x00000000a5200000, 0x00000000a5300000|  0%| F|  |TAMS 0x00000000a5200000| PB 0x00000000a5200000| Untracked 
|  45|0x00000000a5300000, 0x00000000a5300000, 0x00000000a5400000|  0%| F|  |TAMS 0x00000000a5300000| PB 0x00000000a5300000| Untracked 
|  46|0x00000000a5400000, 0x00000000a5400000, 0x00000000a5500000|  0%| F|  |TAMS 0x00000000a5400000| PB 0x00000000a5400000| Untracked 
|  47|0x00000000a5500000, 0x00000000a5500000, 0x00000000a5600000|  0%| F|  |TAMS 0x00000000a5500000| PB 0x00000000a5500000| Untracked 
|  48|0x00000000a5600000, 0x00000000a5600000, 0x00000000a5700000|  0%| F|  |TAMS 0x00000000a5600000| PB 0x00000000a5600000| Untracked 
|  49|0x00000000a5700000, 0x00000000a5700000, 0x00000000a5800000|  0%| F|  |TAMS 0x00000000a5700000| PB 0x00000000a5700000| Untracked 
|  50|0x00000000a5800000, 0x00000000a5800000, 0x00000000a5900000|  0%| F|  |TAMS 0x00000000a5800000| PB 0x00000000a5800000| Untracked 
|  51|0x00000000a5900000, 0x00000000a5900000, 0x00000000a5a00000|  0%| F|  |TAMS 0x00000000a5900000| PB 0x00000000a5900000| Untracked 
|  52|0x00000000a5a00000, 0x00000000a5a00000, 0x00000000a5b00000|  0%| F|  |TAMS 0x00000000a5a00000| PB 0x00000000a5a00000| Untracked 
|  53|0x00000000a5b00000, 0x00000000a5b00000, 0x00000000a5c00000|  0%| F|  |TAMS 0x00000000a5b00000| PB 0x00000000a5b00000| Untracked 
|  54|0x00000000a5c00000, 0x00000000a5c00000, 0x00000000a5d00000|  0%| F|  |TAMS 0x00000000a5c00000| PB 0x00000000a5c00000| Untracked 
|  55|0x00000000a5d00000, 0x00000000a5d00000, 0x00000000a5e00000|  0%| F|  |TAMS 0x00000000a5d00000| PB 0x00000000a5d00000| Untracked 
|  56|0x00000000a5e00000, 0x00000000a5e00000, 0x00000000a5f00000|  0%| F|  |TAMS 0x00000000a5e00000| PB 0x00000000a5e00000| Untracked 
|  57|0x00000000a5f00000, 0x00000000a5f00000, 0x00000000a6000000|  0%| F|  |TAMS 0x00000000a5f00000| PB 0x00000000a5f00000| Untracked 
|  58|0x00000000a6000000, 0x00000000a6000000, 0x00000000a6100000|  0%| F|  |TAMS 0x00000000a6000000| PB 0x00000000a6000000| Untracked 
|  59|0x00000000a6100000, 0x00000000a6100000, 0x00000000a6200000|  0%| F|  |TAMS 0x00000000a6100000| PB 0x00000000a6100000| Untracked 
|  60|0x00000000a6200000, 0x00000000a6200000, 0x00000000a6300000|  0%| F|  |TAMS 0x00000000a6200000| PB 0x00000000a6200000| Untracked 
|  61|0x00000000a6300000, 0x00000000a6300000, 0x00000000a6400000|  0%| F|  |TAMS 0x00000000a6300000| PB 0x00000000a6300000| Untracked 
|  62|0x00000000a6400000, 0x00000000a6400000, 0x00000000a6500000|  0%| F|  |TAMS 0x00000000a6400000| PB 0x00000000a6400000| Untracked 
|  63|0x00000000a6500000, 0x00000000a6500000, 0x00000000a6600000|  0%| F|  |TAMS 0x00000000a6500000| PB 0x00000000a6500000| Untracked 
|  64|0x00000000a6600000, 0x00000000a6600000, 0x00000000a6700000|  0%| F|  |TAMS 0x00000000a6600000| PB 0x00000000a6600000| Untracked 
|  65|0x00000000a6700000, 0x00000000a6700000, 0x00000000a6800000|  0%| F|  |TAMS 0x00000000a6700000| PB 0x00000000a6700000| Untracked 
|  66|0x00000000a6800000, 0x00000000a6800000, 0x00000000a6900000|  0%| F|  |TAMS 0x00000000a6800000| PB 0x00000000a6800000| Untracked 
|  67|0x00000000a6900000, 0x00000000a6900000, 0x00000000a6a00000|  0%| F|  |TAMS 0x00000000a6900000| PB 0x00000000a6900000| Untracked 
|  68|0x00000000a6a00000, 0x00000000a6a00000, 0x00000000a6b00000|  0%| F|  |TAMS 0x00000000a6a00000| PB 0x00000000a6a00000| Untracked 
|  69|0x00000000a6b00000, 0x00000000a6b00000, 0x00000000a6c00000|  0%| F|  |TAMS 0x00000000a6b00000| PB 0x00000000a6b00000| Untracked 
|  70|0x00000000a6c00000, 0x00000000a6c00000, 0x00000000a6d00000|  0%| F|  |TAMS 0x00000000a6c00000| PB 0x00000000a6c00000| Untracked 
|  71|0x00000000a6d00000, 0x00000000a6d00000, 0x00000000a6e00000|  0%| F|  |TAMS 0x00000000a6d00000| PB 0x00000000a6d00000| Untracked 
|  72|0x00000000a6e00000, 0x00000000a6e00000, 0x00000000a6f00000|  0%| F|  |TAMS 0x00000000a6e00000| PB 0x00000000a6e00000| Untracked 
|  73|0x00000000a6f00000, 0x00000000a6f00000, 0x00000000a7000000|  0%| F|  |TAMS 0x00000000a6f00000| PB 0x00000000a6f00000| Untracked 
|  74|0x00000000a7000000, 0x00000000a7000000, 0x00000000a7100000|  0%| F|  |TAMS 0x00000000a7000000| PB 0x00000000a7000000| Untracked 
|  75|0x00000000a7100000, 0x00000000a7100000, 0x00000000a7200000|  0%| F|  |TAMS 0x00000000a7100000| PB 0x00000000a7100000| Untracked 
|  76|0x00000000a7200000, 0x00000000a7200000, 0x00000000a7300000|  0%| F|  |TAMS 0x00000000a7200000| PB 0x00000000a7200000| Untracked 
|  77|0x00000000a7300000, 0x00000000a7376438, 0x00000000a7400000| 46%| E|  |TAMS 0x00000000a7300000| PB 0x00000000a7300000| Complete 
|  78|0x00000000a7400000, 0x00000000a7500000, 0x00000000a7500000|100%| E|CS|TAMS 0x00000000a7400000| PB 0x00000000a7400000| Complete 
|  79|0x00000000a7500000, 0x00000000a7600000, 0x00000000a7600000|100%| E|CS|TAMS 0x00000000a7500000| PB 0x00000000a7500000| Complete 
|  80|0x00000000a7600000, 0x00000000a7700000, 0x00000000a7700000|100%| E|CS|TAMS 0x00000000a7600000| PB 0x00000000a7600000| Complete 
|  81|0x00000000a7700000, 0x00000000a7800000, 0x00000000a7800000|100%| E|CS|TAMS 0x00000000a7700000| PB 0x00000000a7700000| Complete 
|  82|0x00000000a7800000, 0x00000000a7900000, 0x00000000a7900000|100%| E|CS|TAMS 0x00000000a7800000| PB 0x00000000a7800000| Complete 
|  83|0x00000000a7900000, 0x00000000a7a00000, 0x00000000a7a00000|100%| E|CS|TAMS 0x00000000a7900000| PB 0x00000000a7900000| Complete 
|  84|0x00000000a7a00000, 0x00000000a7b00000, 0x00000000a7b00000|100%| E|CS|TAMS 0x00000000a7a00000| PB 0x00000000a7a00000| Complete 
|  85|0x00000000a7b00000, 0x00000000a7c00000, 0x00000000a7c00000|100%| E|CS|TAMS 0x00000000a7b00000| PB 0x00000000a7b00000| Complete 
|  86|0x00000000a7c00000, 0x00000000a7d00000, 0x00000000a7d00000|100%| E|CS|TAMS 0x00000000a7c00000| PB 0x00000000a7c00000| Complete 
|  87|0x00000000a7d00000, 0x00000000a7e00000, 0x00000000a7e00000|100%| E|CS|TAMS 0x00000000a7d00000| PB 0x00000000a7d00000| Complete 
|  88|0x00000000a7e00000, 0x00000000a7f00000, 0x00000000a7f00000|100%| E|CS|TAMS 0x00000000a7e00000| PB 0x00000000a7e00000| Complete 
|  89|0x00000000a7f00000, 0x00000000a8000000, 0x00000000a8000000|100%| E|  |TAMS 0x00000000a7f00000| PB 0x00000000a7f00000| Complete 
|  90|0x00000000a8000000, 0x00000000a8100000, 0x00000000a8100000|100%| E|CS|TAMS 0x00000000a8000000| PB 0x00000000a8000000| Complete 
|  91|0x00000000a8100000, 0x00000000a8200000, 0x00000000a8200000|100%| E|CS|TAMS 0x00000000a8100000| PB 0x00000000a8100000| Complete 
|  92|0x00000000a8200000, 0x00000000a8300000, 0x00000000a8300000|100%| E|CS|TAMS 0x00000000a8200000| PB 0x00000000a8200000| Complete 
|  93|0x00000000a8300000, 0x00000000a8400000, 0x00000000a8400000|100%| E|CS|TAMS 0x00000000a8300000| PB 0x00000000a8300000| Complete 

Card table byte_map: [0x000002787fb40000,0x000002787fe30000] _byte_map_base: 0x000002787f62d000

Marking Bits: (CMBitMap*) 0x000002787d35d080
 Bits: [0x00000278173a0000, 0x0000027818b08000)

Polling page: 0x000002787d3e0000

Metaspace:

Usage:
  Non-class:      5.31 MB used.
      Class:    666.98 KB used.
       Both:      5.96 MB used.

Virtual space:
  Non-class space:       64.00 MB reserved,       5.38 MB (  8%) committed,  1 nodes.
      Class space:        1.00 GB reserved,     768.00 KB ( <1%) committed,  1 nodes.
             Both:        1.06 GB reserved,       6.12 MB ( <1%) committed. 

Chunk freelists:
   Non-Class:  9.95 MB
       Class:  15.07 MB
        Both:  25.02 MB

MaxMetaspaceSize: unlimited
CompressedClassSpaceSize: 1.00 GB
Initial GC threshold: 21.00 MB
Current GC threshold: 21.00 MB
CDS: on
 - commit_granule_bytes: 65536.
 - commit_granule_words: 8192.
 - virtual_space_node_default_size: 8388608.
 - enlarge_chunks_in_place: 1.
 - use_allocation_guard: 0.


Internal statistics:

num_allocs_failed_limit: 0.
num_arena_births: 76.
num_arena_deaths: 0.
num_vsnodes_births: 2.
num_vsnodes_deaths: 0.
num_space_committed: 98.
num_space_uncommitted: 0.
num_chunks_returned_to_freelist: 0.
num_chunks_taken_from_freelist: 193.
num_chunk_merges: 0.
num_chunk_splits: 129.
num_chunks_enlarged: 104.
num_inconsistent_stats: 0.

CodeHeap 'non-profiled nmethods': size=120000Kb used=329Kb max_used=329Kb free=119670Kb
 bounds [0x000002780fe70000, 0x00000278100e0000, 0x00000278173a0000]
CodeHeap 'profiled nmethods': size=120000Kb used=2071Kb max_used=2071Kb free=117928Kb
 bounds [0x00000278083a0000, 0x0000027808610000, 0x000002780f8d0000]
CodeHeap 'non-nmethods': size=5760Kb used=1340Kb max_used=1362Kb free=4419Kb
 bounds [0x000002780f8d0000, 0x000002780fb40000, 0x000002780fe70000]
 total_blobs=1511 nmethods=1063 adapters=353
 compilation: enabled
              stopped_count=0, restarted_count=0
 full_count=0

Compilation events (20 events):
Event: 1.650 Thread 0x000002781b61c320 nmethod 1014 0x000002780fec0d10 code [0x000002780fec0ec0, 0x000002780fec11d8]
Event: 1.650 Thread 0x000002781b61c320 1023       4       java.lang.invoke.MethodType::parameterCount (6 bytes)
Event: 1.650 Thread 0x000002781b61dcd0 nmethod 1018 0x0000027808584e90 code [0x00000278085850e0, 0x0000027808585a68]
Event: 1.651 Thread 0x000002781b61dcd0 1025       3       com.google.gson.stream.JsonReader::peekNumber (481 bytes)
Event: 1.651 Thread 0x000002781b61c320 nmethod 1023 0x000002780fec1490 code [0x000002780fec1620, 0x000002780fec16c0]
Event: 1.651 Thread 0x000002781b61c320 1019       4       java.util.HashMap::put (13 bytes)
Event: 1.652 Thread 0x000002781b61dcd0 nmethod 1025 0x0000027808585d90 code [0x0000027808586000, 0x0000027808586e58]
Event: 1.652 Thread 0x000002781b61dcd0 1015       3       java.lang.invoke.ClassSpecializer$SpeciesData::getterFunction (78 bytes)
Event: 1.652 Thread 0x000002781b61dcd0 nmethod 1015 0x0000027808587090 code [0x0000027808587240, 0x0000027808587538]
Event: 1.652 Thread 0x000002781b61dcd0 1027       3       java.lang.invoke.DelegatingMethodHandle::makeReinvokerForm (10 bytes)
Event: 1.652 Thread 0x000002781b61dcd0 nmethod 1027 0x0000027808587610 code [0x00000278085877c0, 0x00000278085878e8]
Event: 1.652 Thread 0x000002781b61dcd0 1028       3       java.lang.invoke.DelegatingMethodHandle::makeReinvokerForm (326 bytes)
Event: 1.654 Thread 0x000002781b61dcd0 nmethod 1028 0x0000027808587990 code [0x0000027808587d60, 0x0000027808589bc0]
Event: 1.655 Thread 0x000002781b61dcd0 1029       3       java.lang.invoke.DelegatingMethodHandle::whichKind (44 bytes)
Event: 1.655 Thread 0x000002781b61dcd0 nmethod 1029 0x000002780858a910 code [0x000002780858aac0, 0x000002780858aca0]
Event: 1.655 Thread 0x000002781b61dcd0 1030       3       java.lang.invoke.DirectMethodHandle::<init> (148 bytes)
Event: 1.661 Thread 0x000002781b61dcd0 nmethod 1030 0x000002780858ad10 code [0x000002780858afe0, 0x000002780858be48]
Event: 1.661 Thread 0x000002781b61dcd0 1031       3       java.lang.invoke.MethodHandle::isAncestorLoaderOf (35 bytes)
Event: 1.662 Thread 0x000002781b61dcd0 nmethod 1031 0x000002780858c310 code [0x000002780858c540, 0x000002780858ccf0]
Event: 1.662 Thread 0x000002781b61dcd0 1017       3       com.google.gson.stream.JsonReader::isLiteral (148 bytes)

GC Heap History (0 events):
No events

Dll operation events (6 events):
Event: 0.102 Loaded shared library C:\Program Files\Java\jdk-21\bin\java.dll
Event: 0.418 Loaded shared library C:\Program Files\Java\jdk-21\bin\jsvml.dll
Event: 0.435 Loaded shared library C:\Program Files\Java\jdk-21\bin\net.dll
Event: 0.447 Loaded shared library C:\Program Files\Java\jdk-21\bin\nio.dll
Event: 0.456 Loaded shared library C:\Program Files\Java\jdk-21\bin\zip.dll
Event: 0.763 Loaded shared library C:\Program Files\Java\jdk-21\bin\jimage.dll

Deoptimization events (20 events):
Event: 0.530 Thread 0x000002787cfe9ba0 DEOPT PACKING pc=0x000002780fe77274 sp=0x0000007bedffa9f0
Event: 0.530 Thread 0x000002787cfe9ba0 DEOPT UNPACKING pc=0x000002780f9246a2 sp=0x0000007bedffa928 mode 2
Event: 0.534 Thread 0x000002787cfe9ba0 DEOPT PACKING pc=0x00000278083c2270 sp=0x0000007bedffc260
Event: 0.534 Thread 0x000002787cfe9ba0 DEOPT UNPACKING pc=0x000002780f924e42 sp=0x0000007bedffb810 mode 0
Event: 0.536 Thread 0x000002787cfe9ba0 DEOPT PACKING pc=0x00000278083a0c48 sp=0x0000007bedffc350
Event: 0.536 Thread 0x000002787cfe9ba0 DEOPT UNPACKING pc=0x000002780f924e42 sp=0x0000007bedffb7c8 mode 0
Event: 0.882 Thread 0x000002787cfe9ba0 DEOPT PACKING pc=0x000002780840b5a3 sp=0x0000007bedffa940
Event: 0.882 Thread 0x000002787cfe9ba0 DEOPT UNPACKING pc=0x000002780f924e42 sp=0x0000007bedff9dd8 mode 0
Event: 0.970 Thread 0x000002787cfe9ba0 DEOPT PACKING pc=0x00000278083acb78 sp=0x0000007bedff9560
Event: 0.970 Thread 0x000002787cfe9ba0 DEOPT UNPACKING pc=0x000002780f924e42 sp=0x0000007bedff8980 mode 0
Event: 1.154 Thread 0x000002787cfe9ba0 DEOPT PACKING pc=0x00000278083d7a6d sp=0x0000007bedffdf60
Event: 1.155 Thread 0x000002787cfe9ba0 DEOPT UNPACKING pc=0x000002780f924e42 sp=0x0000007bedffd3d8 mode 0
Event: 1.156 Thread 0x000002787cfe9ba0 Uncommon trap: trap_request=0xffffffc6 fr.pc=0x000002780fe9c988 relative=0x0000000000000328
Event: 1.156 Thread 0x000002787cfe9ba0 Uncommon trap: reason=bimorphic_or_optimized_type_check action=maybe_recompile pc=0x000002780fe9c988 method=java.util.HashMap.getNode(Ljava/lang/Object;)Ljava/util/HashMap$Node; @ 128 c2
Event: 1.156 Thread 0x000002787cfe9ba0 DEOPT PACKING pc=0x000002780fe9c988 sp=0x0000007bedffd720
Event: 1.156 Thread 0x000002787cfe9ba0 DEOPT UNPACKING pc=0x000002780f9246a2 sp=0x0000007bedffd688 mode 2
Event: 1.159 Thread 0x000002787cfe9ba0 Uncommon trap: trap_request=0xffffff6e fr.pc=0x000002780fe8bde0 relative=0x0000000000000240
Event: 1.159 Thread 0x000002787cfe9ba0 Uncommon trap: reason=loop_limit_check action=maybe_recompile pc=0x000002780fe8bde0 method=java.math.BigInteger.implMulAdd([I[IIII)I @ 26 c2
Event: 1.159 Thread 0x000002787cfe9ba0 DEOPT PACKING pc=0x000002780fe8bde0 sp=0x0000007bedffd390
Event: 1.159 Thread 0x000002787cfe9ba0 DEOPT UNPACKING pc=0x000002780f9246a2 sp=0x0000007bedffd2e0 mode 2

Classes loaded (20 events):
Event: 1.480 Loading class java/util/concurrent/Executors$DefaultThreadFactory
Event: 1.481 Loading class java/util/concurrent/Executors$DefaultThreadFactory done
Event: 1.483 Loading class java/util/concurrent/FutureTask
Event: 1.485 Loading class java/util/concurrent/RunnableFuture
Event: 1.485 Loading class java/util/concurrent/RunnableFuture done
Event: 1.485 Loading class java/util/concurrent/FutureTask done
Event: 1.486 Loading class java/util/concurrent/FutureTask$WaitNode
Event: 1.486 Loading class java/util/concurrent/FutureTask$WaitNode done
Event: 1.486 Loading class java/util/concurrent/Executors$RunnableAdapter
Event: 1.488 Loading class java/util/concurrent/Callable
Event: 1.489 Loading class java/util/concurrent/Callable done
Event: 1.489 Loading class java/util/concurrent/Executors$RunnableAdapter done
Event: 1.489 Loading class java/util/concurrent/ThreadPoolExecutor$Worker
Event: 1.489 Loading class java/util/concurrent/ThreadPoolExecutor$Worker done
Event: 1.552 Loading class sun/reflect/generics/repository/FieldRepository
Event: 1.552 Loading class sun/reflect/generics/repository/FieldRepository done
Event: 1.559 Loading class jdk/internal/reflect/MethodHandleIntegerFieldAccessorImpl
Event: 1.560 Loading class jdk/internal/reflect/MethodHandleIntegerFieldAccessorImpl done
Event: 1.655 Loading class jdk/internal/vm/annotation/ForceInline
Event: 1.655 Loading class jdk/internal/vm/annotation/ForceInline done

Classes unloaded (0 events):
No events

Classes redefined (0 events):
No events

Internal exceptions (11 events):
Event: 0.650 Thread 0x000002787cfe9ba0 Exception <a 'java/lang/NoSuchMethodError'{0x00000000a80c4a00}: 'void java.lang.invoke.DirectMethodHandle$Holder.invokeVirtual(java.lang.Object, java.lang.Object)'> (0x00000000a80c4a00) 
thrown [s\open\src\hotspot\share\interpreter\linkResolver.cpp, line 773]
Event: 1.132 Thread 0x000002787cfe9ba0 Exception <a 'java/lang/NoSuchMethodError'{0x00000000a7ba4798}: 'java.lang.Object java.lang.invoke.Invokers$Holder.invokeExact_MT(java.lang.Object, java.lang.Object, java.lang.Object, java.lang.Object, java.lang.Object, java.lang.Object)'> (0x00000000a7ba4798) 
thrown [s\open\src\hotspot\share\interpreter\linkResolver.cpp, line 773]
Event: 1.181 Thread 0x000002787cfe9ba0 Exception <a 'java/lang/NoSuchMethodError'{0x00000000a7a84a20}: 'void java.lang.invoke.DirectMethodHandle$Holder.invokeStatic(java.lang.Object, java.lang.Object, java.lang.Object)'> (0x00000000a7a84a20) 
thrown [s\open\src\hotspot\share\interpreter\linkResolver.cpp, line 773]
Event: 1.242 Thread 0x000002787cfe9ba0 Exception <a 'java/lang/NoSuchMethodError'{0x00000000a791c1a8}: 'void java.lang.invoke.DirectMethodHandle$Holder.invokeStatic(java.lang.Object, java.lang.Object, java.lang.Object, java.lang.Object)'> (0x00000000a791c1a8) 
thrown [s\open\src\hotspot\share\interpreter\linkResolver.cpp, line 773]
Event: 1.436 Thread 0x000002787cfe9ba0 Exception <a 'java/lang/NoSuchMethodError'{0x00000000a77ae4c8}: 'java.lang.Object java.lang.invoke.DirectMethodHandle$Holder.newInvokeSpecial(java.lang.Object, java.lang.Object, java.lang.Object, java.lang.Object, java.lang.Object)'> (0x00000000a77ae4c8) 
thrown [s\open\src\hotspot\share\interpreter\linkResolver.cpp, line 773]
Event: 1.438 Thread 0x000002787cfe9ba0 Exception <a 'java/lang/NoSuchMethodError'{0x00000000a77b2b50}: 'java.lang.Object java.lang.invoke.DirectMethodHandle$Holder.invokeInterface(java.lang.Object, java.lang.Object)'> (0x00000000a77b2b50) 
thrown [s\open\src\hotspot\share\interpreter\linkResolver.cpp, line 773]
Event: 1.456 Thread 0x000002787cfe9ba0 Exception <a 'java/lang/NoSuchMethodError'{0x00000000a762ed80}: 'void java.lang.invoke.DirectMethodHandle$Holder.invokeSpecial(java.lang.Object, java.lang.Object, java.lang.Object)'> (0x00000000a762ed80) 
thrown [s\open\src\hotspot\share\interpreter\linkResolver.cpp, line 773]
Event: 1.533 Thread 0x0000027861423bb0 Exception <a 'java/lang/NoSuchMethodError'{0x00000000a754e5c8}: 'void java.lang.invoke.Invokers$Holder.invokeExact_MT(java.lang.Object, java.lang.Object, java.lang.Object, java.lang.Object)'> (0x00000000a754e5c8) 
thrown [s\open\src\hotspot\share\interpreter\linkResolver.cpp, line 773]
Event: 1.561 Thread 0x0000027861423bb0 Exception <a 'java/lang/NoSuchMethodError'{0x00000000a7599af0}: 'int java.lang.invoke.DirectMethodHandle$Holder.invokeSpecial(java.lang.Object, java.lang.Object, java.lang.Object)'> (0x00000000a7599af0) 
thrown [s\open\src\hotspot\share\interpreter\linkResolver.cpp, line 773]
Event: 1.563 Thread 0x0000027861423bb0 Exception <a 'java/lang/NoSuchMethodError'{0x00000000a75a4220}: 'void java.lang.invoke.DelegatingMethodHandle$Holder.reinvoke_L(java.lang.Object, java.lang.Object, int)'> (0x00000000a75a4220) 
thrown [s\open\src\hotspot\share\interpreter\linkResolver.cpp, line 773]
Event: 1.565 Thread 0x0000027861423bb0 Exception <a 'java/lang/NoSuchMethodError'{0x00000000a75aad50}: 'int java.lang.invoke.Invokers$Holder.invokeExact_MT(java.lang.Object, java.lang.Object, java.lang.Object)'> (0x00000000a75aad50) 
thrown [s\open\src\hotspot\share\interpreter\linkResolver.cpp, line 773]

ZGC Phase Switch (0 events):
No events

VM Operations (12 events):
Event: 0.615 Executing VM operation: HandshakeAllThreads (Deoptimize)
Event: 0.615 Executing VM operation: HandshakeAllThreads (Deoptimize) done
Event: 0.965 Executing VM operation: HandshakeAllThreads (Deoptimize)
Event: 0.965 Executing VM operation: HandshakeAllThreads (Deoptimize) done
Event: 0.969 Executing VM operation: HandshakeAllThreads (Deoptimize)
Event: 0.969 Executing VM operation: HandshakeAllThreads (Deoptimize) done
Event: 1.011 Executing VM operation: HandshakeAllThreads (Deoptimize)
Event: 1.011 Executing VM operation: HandshakeAllThreads (Deoptimize) done
Event: 1.140 Executing VM operation: HandshakeAllThreads (Deoptimize)
Event: 1.140 Executing VM operation: HandshakeAllThreads (Deoptimize) done
Event: 1.145 Executing VM operation: HandshakeAllThreads (Deoptimize)
Event: 1.145 Executing VM operation: HandshakeAllThreads (Deoptimize) done

Events (14 events):
Event: 0.202 Thread 0x000002787cfe9ba0 Thread added: 0x000002787cfe9ba0
Event: 0.329 Thread 0x000002781b613100 Thread added: 0x000002781b613100
Event: 0.330 Thread 0x000002781b6141d0 Thread added: 0x000002781b6141d0
Event: 0.331 Thread 0x000002781b616150 Thread added: 0x000002781b616150
Event: 0.331 Thread 0x000002781b618cc0 Thread added: 0x000002781b618cc0
Event: 0.331 Thread 0x000002781b619720 Thread added: 0x000002781b619720
Event: 0.331 Thread 0x000002781b61b590 Thread added: 0x000002781b61b590
Event: 0.332 Thread 0x000002781b61c320 Thread added: 0x000002781b61c320
Event: 0.341 Thread 0x000002781b61dcd0 Thread added: 0x000002781b61dcd0
Event: 0.411 Thread 0x000002781b806200 Thread added: 0x000002781b806200
Event: 0.418 Thread 0x000002781b819f50 Thread added: 0x000002781b819f50
Event: 1.489 Thread 0x0000027861423bb0 Thread added: 0x0000027861423bb0
Event: 1.490 Thread 0x000002787cfe9ba0 Thread exited: 0x000002787cfe9ba0
Event: 1.490 Thread 0x000002787cfe9ba0 Thread added: 0x000002787cfe9ba0


Dynamic libraries:
0x00007ff76a3a0000 - 0x00007ff76a3b0000 	C:\Program Files\Java\jdk-21\bin\java.exe
0x00007ff99b6f0000 - 0x00007ff99b907000 	C:\WINDOWS\SYSTEM32\ntdll.dll
0x00007ff999810000 - 0x00007ff9998d4000 	C:\WINDOWS\System32\KERNEL32.DLL
0x00007ff998e30000 - 0x00007ff9991d6000 	C:\WINDOWS\System32\KERNELBASE.dll
0x00007ff998d10000 - 0x00007ff998e21000 	C:\WINDOWS\System32\ucrtbase.dll
0x00007ff979a70000 - 0x00007ff979a89000 	C:\Program Files\Java\jdk-21\bin\jli.dll
0x00007ff999510000 - 0x00007ff9995c3000 	C:\WINDOWS\System32\ADVAPI32.dll
0x00007ff99a620000 - 0x00007ff99a6c7000 	C:\WINDOWS\System32\msvcrt.dll
0x00007ff9999d0000 - 0x00007ff999a78000 	C:\WINDOWS\System32\sechost.dll
0x00007ff998aa0000 - 0x00007ff998ac8000 	C:\WINDOWS\System32\bcrypt.dll
0x00007ff9996d0000 - 0x00007ff9997e7000 	C:\WINDOWS\System32\RPCRT4.dll
0x00007ff999a80000 - 0x00007ff999c2e000 	C:\WINDOWS\System32\USER32.dll
0x00007ff998ce0000 - 0x00007ff998d06000 	C:\WINDOWS\System32\win32u.dll
0x00007ff9994e0000 - 0x00007ff999509000 	C:\WINDOWS\System32\GDI32.dll
0x00007ff999260000 - 0x00007ff999378000 	C:\WINDOWS\System32\gdi32full.dll
0x00007ff998c40000 - 0x00007ff998cda000 	C:\WINDOWS\System32\msvcp_win.dll
0x00007ff97c4c0000 - 0x00007ff97c753000 	C:\WINDOWS\WinSxS\amd64_microsoft.windows.common-controls_6595b64144ccf1df_6.0.22621.2506_none_270c5ae97388e100\COMCTL32.dll
0x00007ff98f8b0000 - 0x00007ff98f8ba000 	C:\WINDOWS\SYSTEM32\VERSION.dll
0x00007ff9784f0000 - 0x00007ff97850b000 	C:\Program Files\Java\jdk-21\bin\VCRUNTIME140.dll
0x00007ff99a5e0000 - 0x00007ff99a611000 	C:\WINDOWS\System32\IMM32.DLL
0x00007ff988db0000 - 0x00007ff988dbc000 	C:\Program Files\Java\jdk-21\bin\vcruntime140_1.dll
0x00007ff970670000 - 0x00007ff9706fe000 	C:\Program Files\Java\jdk-21\bin\msvcp140.dll
0x00007ff95b140000 - 0x00007ff95be57000 	C:\Program Files\Java\jdk-21\bin\server\jvm.dll
0x00007ff99a460000 - 0x00007ff99a4d1000 	C:\WINDOWS\System32\WS2_32.dll
0x00007ff998900000 - 0x00007ff99894d000 	C:\WINDOWS\SYSTEM32\POWRPROF.dll
0x00007ff992030000 - 0x00007ff992064000 	C:\WINDOWS\SYSTEM32\WINMM.dll
0x00007ff998730000 - 0x00007ff998743000 	C:\WINDOWS\SYSTEM32\UMPDC.dll
0x00007ff997a70000 - 0x00007ff997a88000 	C:\WINDOWS\SYSTEM32\kernel.appcore.dll
0x00007ff979ac0000 - 0x00007ff979aca000 	C:\Program Files\Java\jdk-21\bin\jimage.dll
0x00007ff996460000 - 0x00007ff996693000 	C:\WINDOWS\SYSTEM32\DBGHELP.DLL
0x00007ff99a980000 - 0x00007ff99ad09000 	C:\WINDOWS\System32\combase.dll
0x00007ff99a6d0000 - 0x00007ff99a7a7000 	C:\WINDOWS\System32\OLEAUT32.dll
0x00007ff986610000 - 0x00007ff986642000 	C:\WINDOWS\SYSTEM32\dbgcore.DLL
0x00007ff9991e0000 - 0x00007ff99925a000 	C:\WINDOWS\System32\bcryptPrimitives.dll
0x00007ff970650000 - 0x00007ff97066f000 	C:\Program Files\Java\jdk-21\bin\java.dll
0x00007ff99ae50000 - 0x00007ff99b6ab000 	C:\WINDOWS\System32\SHELL32.dll
0x00007ff996990000 - 0x00007ff997286000 	C:\WINDOWS\SYSTEM32\windows.storage.dll
0x00007ff996850000 - 0x00007ff99698e000 	C:\WINDOWS\SYSTEM32\wintypes.dll
0x00007ff99a4e0000 - 0x00007ff99a5d3000 	C:\WINDOWS\System32\SHCORE.dll
0x00007ff999960000 - 0x00007ff9999be000 	C:\WINDOWS\System32\shlwapi.dll
0x00007ff998960000 - 0x00007ff998986000 	C:\WINDOWS\SYSTEM32\profapi.dll
0x00007ff9703e0000 - 0x00007ff9704b7000 	C:\Program Files\Java\jdk-21\bin\jsvml.dll
0x00007ff979a60000 - 0x00007ff979a70000 	C:\Program Files\Java\jdk-21\bin\net.dll
0x00007ff9926a0000 - 0x00007ff9927d7000 	C:\WINDOWS\SYSTEM32\WINHTTP.dll
0x00007ff997ef0000 - 0x00007ff997f59000 	C:\WINDOWS\system32\mswsock.dll
0x00007ff970630000 - 0x00007ff970646000 	C:\Program Files\Java\jdk-21\bin\nio.dll
0x00007ff970610000 - 0x00007ff970628000 	C:\Program Files\Java\jdk-21\bin\zip.dll

dbghelp: loaded successfully - version: 4.0.5 - missing functions: none
symbol engine: initialized successfully - sym options: 0x614 - pdb path: .;C:\Program Files\Java\jdk-21\bin;C:\WINDOWS\SYSTEM32;C:\WINDOWS\WinSxS\amd64_microsoft.windows.common-controls_6595b64144ccf1df_6.0.22621.2506_none_270c5ae97388e100;C:\Program Files\Java\jdk-21\bin\server

VM Arguments:
jvm_args: -Dfile.encoding=utf8 
java_command: c:\Users\kumar\.vscode\extensions\vscjava.vscode-gradle-3.13.5\lib\gradle-language-server.jar
java_class_path (initial): c:\Users\kumar\.vscode\extensions\vscjava.vscode-gradle-3.13.5\lib\gradle-language-server.jar
Launcher Type: SUN_STANDARD

[Global flags]
     intx CICompilerCount                          = 4                                         {product} {ergonomic}
     uint ConcGCThreads                            = 3                                         {product} {ergonomic}
     uint G1ConcRefinementThreads                  = 10                                        {product} {ergonomic}
   size_t G1HeapRegionSize                         = 1048576                                   {product} {ergonomic}
    uintx GCDrainStackTargetSize                   = 64                                        {product} {ergonomic}
   size_t InitialHeapSize                          = 98566144                                  {product} {ergonomic}
   size_t MarkStackSize                            = 4194304                                   {product} {ergonomic}
   size_t MaxHeapSize                              = 1570766848                                {product} {ergonomic}
   size_t MaxNewSize                               = 941621248                                 {product} {ergonomic}
   size_t MinHeapDeltaBytes                        = 1048576                                   {product} {ergonomic}
   size_t MinHeapSize                              = 8388608                                   {product} {ergonomic}
    uintx NonNMethodCodeHeapSize                   = 5839372                                {pd product} {ergonomic}
    uintx NonProfiledCodeHeapSize                  = 122909434                              {pd product} {ergonomic}
    uintx ProfiledCodeHeapSize                     = 122909434                              {pd product} {ergonomic}
    uintx ReservedCodeCacheSize                    = 251658240                              {pd product} {ergonomic}
     bool SegmentedCodeCache                       = true                                      {product} {ergonomic}
   size_t SoftMaxHeapSize                          = 1570766848                             {manageable} {ergonomic}
     bool UseCompressedOops                        = true                           {product lp64_product} {ergonomic}
     bool UseG1GC                                  = true                                      {product} {ergonomic}
     bool UseLargePagesIndividualAllocation        = false                                  {pd product} {ergonomic}

Logging:
Log output configuration:
 #0: stdout all=warning uptime,level,tags foldmultilines=false
 #1: stderr all=off uptime,level,tags foldmultilines=false

Environment Variables:
JAVA_HOME=C:\Program Files\Java\jdk-21
PATH=C:\Program Files\Common Files\Oracle\Java\javapath;C:\WINDOWS\system32;C:\WINDOWS;C:\WINDOWS\System32\Wbem;C:\WINDOWS\System32\WindowsPowerShell\v1.0\;C:\WINDOWS\System32\OpenSSH\;C:\Program Files\Git\cmd;C:\Program Files\Java\jdk-21\bin;C:\Users\kumar\AppData\Local\Programs\Eclipse Adoptium\jdk-17.0.8.101-hotspot\bin;C:\Users\kumar\AppData\Local\Microsoft\WindowsApps;C:\Users\kumar\AppData\Local\Programs\Microsoft VS Code\bin;C:\Users\kumar\Downloads\Compressed\jdk-21_windows-x64_bin\jdk-21\bin;C:\src\flutter\bin;
USERNAME=kumar
OS=Windows_NT
PROCESSOR_IDENTIFIER=AMD64 Family 23 Model 104 Stepping 1, AuthenticAMD
TMP=C:\Users\kumar\AppData\Local\Temp
TEMP=C:\Users\kumar\AppData\Local\Temp




Periodic native trim disabled

---------------  S Y S T E M  ---------------

OS:
 Windows 11 , 64 bit Build 22621 (10.0.22621.3085)
OS uptime: 0 days 13:37 hours

CPU: total 12 (initial active 12) (12 cores per cpu, 2 threads per core) family 23 model 104 stepping 1 microcode 0x0, cx8, cmov, fxsr, ht, mmx, 3dnowpref, sse, sse2, sse3, ssse3, sse4a, sse4.1, sse4.2, popcnt, lzcnt, tsc, tscinvbit, avx, avx2, aes, clmul, bmi1, bmi2, adx, sha, fma, vzeroupper, clflush, clflushopt, rdtscp, rdpid, f16c
Processor Information for all 12 processors :
  Max Mhz: 2100, Current Mhz: 2100, Mhz Limit: 2100

Memory: 4k page, system-wide physical 5989M (52M free)
TotalPageFile size 14181M (AvailPageFile size 5M)
current process WorkingSet (physical memory assigned to process): 69M, peak: 69M
current process commit charge ("private bytes"): 192M, peak: 192M

vm_info: Java HotSpot(TM) 64-Bit Server VM (21.0.2+13-LTS-58) for windows-amd64 JRE (21.0.2+13-LTS-58), built on 2024-01-05T18:32:24Z by "mach5one" with MS VC++ 17.1 (VS2022)

END.
